[INFO] 2016-03-17 13:03:11.156 [main] p.j.s.SpringDataTestApplication - [requestID: ] Starting SpringDataTestApplication on przodownik-Dell-System-XPS-L702X with PID 15534 (/home/przodownik/blog/springDataKata/build/classes/main started by przodownik in /home/przodownik/blog/springDataKata)
[INFO] 2016-03-17 13:03:11.159 [main] p.j.s.SpringDataTestApplication - [requestID: ] No active profile set, falling back to default profiles: default
[INFO] 2016-03-17 13:03:11.378 [background-preinit] o.h.validator.internal.util.Version - [requestID: ] HV000001: Hibernate Validator 5.2.2.Final
[INFO] 2016-03-17 13:03:11.469 [main] o.s.b.c.e.AnnotationConfigEmbeddedWebApplicationContext - [requestID: ] Refreshing org.springframework.boot.context.embedded.AnnotationConfigEmbeddedWebApplicationContext@157632c9: startup date [Thu Mar 17 13:03:11 CET 2016]; root of context hierarchy
[INFO] 2016-03-17 13:03:12.978 [main] o.s.b.f.s.DefaultListableBeanFactory - [requestID: ] Overriding bean definition for bean 'beanNameViewResolver' with a different definition: replacing [Root bean: class [null]; scope=; abstract=false; lazyInit=false; autowireMode=3; dependencyCheck=0; autowireCandidate=true; primary=false; factoryBeanName=org.springframework.boot.autoconfigure.web.ErrorMvcAutoConfiguration$WhitelabelErrorViewConfiguration; factoryMethodName=beanNameViewResolver; initMethodName=null; destroyMethodName=(inferred); defined in class path resource [org/springframework/boot/autoconfigure/web/ErrorMvcAutoConfiguration$WhitelabelErrorViewConfiguration.class]] with [Root bean: class [null]; scope=; abstract=false; lazyInit=false; autowireMode=3; dependencyCheck=0; autowireCandidate=true; primary=false; factoryBeanName=org.springframework.boot.autoconfigure.web.WebMvcAutoConfiguration$WebMvcAutoConfigurationAdapter; factoryMethodName=beanNameViewResolver; initMethodName=null; destroyMethodName=(inferred); defined in class path resource [org/springframework/boot/autoconfigure/web/WebMvcAutoConfiguration$WebMvcAutoConfigurationAdapter.class]]
[INFO] 2016-03-17 13:03:13.657 [main] o.s.c.s.PostProcessorRegistrationDelegate$BeanPostProcessorChecker - [requestID: ] Bean 'org.springframework.transaction.annotation.ProxyTransactionManagementConfiguration' of type [class org.springframework.transaction.annotation.ProxyTransactionManagementConfiguration$$EnhancerBySpringCGLIB$$2a2533c4] is not eligible for getting processed by all BeanPostProcessors (for example: not eligible for auto-proxying)
[INFO] 2016-03-17 13:03:13.709 [main] o.s.c.s.PostProcessorRegistrationDelegate$BeanPostProcessorChecker - [requestID: ] Bean 'aopProfiler' of type [class pl.java.scalatech.config.AopProfiler$$EnhancerBySpringCGLIB$$83b7b1f4] is not eligible for getting processed by all BeanPostProcessors (for example: not eligible for auto-proxying)
[INFO] 2016-03-17 13:03:13.735 [main] o.s.c.s.PostProcessorRegistrationDelegate$BeanPostProcessorChecker - [requestID: ] Bean 'interceptor' of type [class org.springframework.aop.interceptor.CustomizableTraceInterceptor] is not eligible for getting processed by all BeanPostProcessors (for example: not eligible for auto-proxying)
[INFO] 2016-03-17 13:03:13.740 [main] o.s.c.s.PostProcessorRegistrationDelegate$BeanPostProcessorChecker - [requestID: ] Bean 'traceAdvisor' of type [class org.springframework.aop.support.DefaultPointcutAdvisor] is not eligible for getting processed by all BeanPostProcessors (for example: not eligible for auto-proxying)
[INFO] 2016-03-17 13:03:14.340 [main] o.s.b.c.e.t.TomcatEmbeddedServletContainer - [requestID: ] Tomcat initialized with port(s): 8080 (http)
[INFO] 2016-03-17 13:03:14.357 [main] o.a.catalina.core.StandardService - [requestID: ] Starting service Tomcat
[INFO] 2016-03-17 13:03:14.359 [main] o.a.catalina.core.StandardEngine - [requestID: ] Starting Servlet Engine: Apache Tomcat/8.0.32
[INFO] 2016-03-17 13:03:14.531 [localhost-startStop-1] o.a.c.c.C.[Tomcat].[localhost].[/] - [requestID: ] Initializing Spring embedded WebApplicationContext
[INFO] 2016-03-17 13:03:14.532 [localhost-startStop-1] o.s.web.context.ContextLoader - [requestID: ] Root WebApplicationContext: initialization completed in 3067 ms
[INFO] 2016-03-17 13:03:15.325 [localhost-startStop-1] o.s.o.j.LocalContainerEntityManagerFactoryBean - [requestID: ] Building JPA container EntityManagerFactory for persistence unit 'default'
[INFO] 2016-03-17 13:03:15.355 [localhost-startStop-1] o.h.jpa.internal.util.LogHelper - [requestID: ] HHH000204: Processing PersistenceUnitInfo [
	name: default
	...]
[INFO] 2016-03-17 13:03:15.466 [localhost-startStop-1] org.hibernate.Version - [requestID: ] HHH000412: Hibernate Core {5.0.2.Final}
[INFO] 2016-03-17 13:03:15.468 [localhost-startStop-1] org.hibernate.cfg.Environment - [requestID: ] HHH000206: hibernate.properties not found
[INFO] 2016-03-17 13:03:15.471 [localhost-startStop-1] org.hibernate.cfg.Environment - [requestID: ] HHH000021: Bytecode provider name : javassist
[INFO] 2016-03-17 13:03:15.523 [localhost-startStop-1] o.h.annotations.common.Version - [requestID: ] HCANN000001: Hibernate Commons Annotations {5.0.0.Final}
[WARN] 2016-03-17 13:03:15.535 [localhost-startStop-1] org.hibernate.orm.deprecation - [requestID: ] HHH90000006: Attempted to specify unsupported NamingStrategy via setting [hibernate.ejb.naming_strategy]; NamingStrategy has been removed in favor of the split ImplicitNamingStrategy and PhysicalNamingStrategy; use [hibernate.implicit_naming_strategy] or [hibernate.physical_naming_strategy], respectively, instead.
[INFO] 2016-03-17 13:03:16.022 [localhost-startStop-1] org.hibernate.dialect.Dialect - [requestID: ] HHH000400: Using dialect: org.hibernate.dialect.H2Dialect
[INFO] 2016-03-17 13:03:16.615 [localhost-startStop-1] o.h.tool.hbm2ddl.SchemaUpdate - [requestID: ] HHH000228: Running hbm2ddl schema update
[INFO] 2016-03-17 13:03:16.628 [localhost-startStop-1] o.h.t.s.e.i.InformationExtractorJdbcDatabaseMetaDataImpl - [requestID: ] HHH000262: Table not found: Cart
[INFO] 2016-03-17 13:03:16.629 [localhost-startStop-1] o.h.t.s.e.i.InformationExtractorJdbcDatabaseMetaDataImpl - [requestID: ] HHH000262: Table not found: Cart
[INFO] 2016-03-17 13:03:16.637 [localhost-startStop-1] o.h.t.s.e.i.InformationExtractorJdbcDatabaseMetaDataImpl - [requestID: ] HHH000262: Table not found: Item
[INFO] 2016-03-17 13:03:16.638 [localhost-startStop-1] o.h.t.s.e.i.InformationExtractorJdbcDatabaseMetaDataImpl - [requestID: ] HHH000262: Table not found: Item
[INFO] 2016-03-17 13:03:16.642 [localhost-startStop-1] o.h.t.s.e.i.InformationExtractorJdbcDatabaseMetaDataImpl - [requestID: ] HHH000262: Table not found: Person
[INFO] 2016-03-17 13:03:16.644 [localhost-startStop-1] o.h.t.s.e.i.InformationExtractorJdbcDatabaseMetaDataImpl - [requestID: ] HHH000262: Table not found: Person
[INFO] 2016-03-17 13:03:16.648 [localhost-startStop-1] o.h.t.s.e.i.InformationExtractorJdbcDatabaseMetaDataImpl - [requestID: ] HHH000262: Table not found: Product
[INFO] 2016-03-17 13:03:16.649 [localhost-startStop-1] o.h.t.s.e.i.InformationExtractorJdbcDatabaseMetaDataImpl - [requestID: ] HHH000262: Table not found: Product
[INFO] 2016-03-17 13:03:17.028 [localhost-startStop-1] o.h.h.i.QueryTranslatorFactoryInitiator - [requestID: ] HHH000397: Using ASTQueryTranslatorFactory
[INFO] 2016-03-17 13:03:17.189 [localhost-startStop-1] o.s.b.f.config.PropertiesFactoryBean - [requestID: ] Loading properties file from class path resource [rest-default-messages.properties]
[INFO] 2016-03-17 13:03:17.497 [localhost-startStop-1] o.s.b.c.e.ServletRegistrationBean - [requestID: ] Mapping servlet: 'dispatcherServlet' to [/]
[INFO] 2016-03-17 13:03:17.503 [localhost-startStop-1] o.s.b.c.e.FilterRegistrationBean - [requestID: ] Mapping filter: 'characterEncodingFilter' to: [/*]
[INFO] 2016-03-17 13:03:17.504 [localhost-startStop-1] o.s.b.c.e.FilterRegistrationBean - [requestID: ] Mapping filter: 'hiddenHttpMethodFilter' to: [/*]
[INFO] 2016-03-17 13:03:17.504 [localhost-startStop-1] o.s.b.c.e.FilterRegistrationBean - [requestID: ] Mapping filter: 'httpPutFormContentFilter' to: [/*]
[INFO] 2016-03-17 13:03:17.504 [localhost-startStop-1] o.s.b.c.e.FilterRegistrationBean - [requestID: ] Mapping filter: 'requestContextFilter' to: [/*]
[INFO] 2016-03-17 13:03:17.917 [main] o.s.w.s.m.m.a.RequestMappingHandlerAdapter - [requestID: ] Looking for @ControllerAdvice: org.springframework.boot.context.embedded.AnnotationConfigEmbeddedWebApplicationContext@157632c9: startup date [Thu Mar 17 13:03:11 CET 2016]; root of context hierarchy
[INFO] 2016-03-17 13:03:17.999 [main] o.s.w.s.m.m.a.RequestMappingHandlerMapping - [requestID: ] Mapped "{[/error],produces=[text/html]}" onto public org.springframework.web.servlet.ModelAndView org.springframework.boot.autoconfigure.web.BasicErrorController.errorHtml(javax.servlet.http.HttpServletRequest,javax.servlet.http.HttpServletResponse)
[INFO] 2016-03-17 13:03:18.001 [main] o.s.w.s.m.m.a.RequestMappingHandlerMapping - [requestID: ] Mapped "{[/error]}" onto public org.springframework.http.ResponseEntity<java.util.Map<java.lang.String, java.lang.Object>> org.springframework.boot.autoconfigure.web.BasicErrorController.error(javax.servlet.http.HttpServletRequest)
[INFO] 2016-03-17 13:03:18.037 [main] o.s.w.s.h.SimpleUrlHandlerMapping - [requestID: ] Mapped URL path [/webjars/**] onto handler of type [class org.springframework.web.servlet.resource.ResourceHttpRequestHandler]
[INFO] 2016-03-17 13:03:18.037 [main] o.s.w.s.h.SimpleUrlHandlerMapping - [requestID: ] Mapped URL path [/**] onto handler of type [class org.springframework.web.servlet.resource.ResourceHttpRequestHandler]
[INFO] 2016-03-17 13:03:18.058 [main] o.s.w.s.m.m.a.ExceptionHandlerExceptionResolver - [requestID: ] Detected @ExceptionHandler methods in repositoryRestExceptionHandler
[INFO] 2016-03-17 13:03:18.086 [main] o.s.w.s.h.SimpleUrlHandlerMapping - [requestID: ] Mapped URL path [/**/favicon.ico] onto handler of type [class org.springframework.web.servlet.resource.ResourceHttpRequestHandler]
[INFO] 2016-03-17 13:03:18.723 [main] o.s.w.s.m.m.a.ExceptionHandlerExceptionResolver - [requestID: ] Detected @ExceptionHandler methods in repositoryRestExceptionHandler
[INFO] 2016-03-17 13:03:18.856 [main] o.s.j.e.a.AnnotationMBeanExporter - [requestID: ] Registering beans for JMX exposure on startup
[INFO] 2016-03-17 13:03:18.857 [main] o.s.j.e.a.AnnotationMBeanExporter - [requestID: ] Bean with name 'dataSourceMBean' has been autodetected for JMX exposure
[INFO] 2016-03-17 13:03:18.867 [main] o.s.j.e.a.AnnotationMBeanExporter - [requestID: ] Located MBean 'dataSourceMBean': registering with JMX server as MBean [org.apache.tomcat.jdbc.pool.jmx:name=dataSourceMBean,type=ConnectionPool]
[INFO] 2016-03-17 13:03:18.908 [main] o.a.coyote.http11.Http11NioProtocol - [requestID: ] Initializing ProtocolHandler ["http-nio-8080"]
[INFO] 2016-03-17 13:03:18.919 [main] o.a.coyote.http11.Http11NioProtocol - [requestID: ] Starting ProtocolHandler ["http-nio-8080"]
[ERROR] 2016-03-17 13:03:18.928 [main] o.a.coyote.http11.Http11NioProtocol - [requestID: ] Failed to start end point associated with ProtocolHandler ["http-nio-8080"]
java.net.BindException: Adres jest już w użyciu
	at sun.nio.ch.Net.bind0(Native Method)
	at sun.nio.ch.Net.bind(Net.java:433)
	at sun.nio.ch.Net.bind(Net.java:425)
	at sun.nio.ch.ServerSocketChannelImpl.bind(ServerSocketChannelImpl.java:223)
	at sun.nio.ch.ServerSocketAdaptor.bind(ServerSocketAdaptor.java:74)
	at org.apache.tomcat.util.net.NioEndpoint.bind(NioEndpoint.java:340)
	at org.apache.tomcat.util.net.AbstractEndpoint.start(AbstractEndpoint.java:765)
	at org.apache.coyote.AbstractProtocol.start(AbstractProtocol.java:473)
	at org.apache.catalina.connector.Connector.startInternal(Connector.java:986)
	at org.apache.catalina.util.LifecycleBase.start(LifecycleBase.java:147)
	at org.apache.catalina.core.StandardService.addConnector(StandardService.java:239)
	at org.springframework.boot.context.embedded.tomcat.TomcatEmbeddedServletContainer.addPreviouslyRemovedConnectors(TomcatEmbeddedServletContainer.java:194)
	at org.springframework.boot.context.embedded.tomcat.TomcatEmbeddedServletContainer.start(TomcatEmbeddedServletContainer.java:151)
	at org.springframework.boot.context.embedded.EmbeddedWebApplicationContext.startEmbeddedServletContainer(EmbeddedWebApplicationContext.java:293)
	at org.springframework.boot.context.embedded.EmbeddedWebApplicationContext.finishRefresh(EmbeddedWebApplicationContext.java:141)
	at org.springframework.context.support.AbstractApplicationContext.refresh(AbstractApplicationContext.java:541)
	at org.springframework.boot.context.embedded.EmbeddedWebApplicationContext.refresh(EmbeddedWebApplicationContext.java:118)
	at org.springframework.boot.SpringApplication.refresh(SpringApplication.java:766)
	at org.springframework.boot.SpringApplication.createAndRefreshContext(SpringApplication.java:361)
	at org.springframework.boot.SpringApplication.run(SpringApplication.java:307)
	at org.springframework.boot.SpringApplication.run(SpringApplication.java:1191)
	at org.springframework.boot.SpringApplication.run(SpringApplication.java:1180)
	at pl.java.scalatech.SpringDataTestApplication.main(SpringDataTestApplication.java:23)
[ERROR] 2016-03-17 13:03:18.931 [main] o.a.catalina.core.StandardService - [requestID: ] Failed to start connector [Connector[HTTP/1.1-8080]]
org.apache.catalina.LifecycleException: Failed to start component [Connector[HTTP/1.1-8080]]
	at org.apache.catalina.util.LifecycleBase.start(LifecycleBase.java:153)
	at org.apache.catalina.core.StandardService.addConnector(StandardService.java:239)
	at org.springframework.boot.context.embedded.tomcat.TomcatEmbeddedServletContainer.addPreviouslyRemovedConnectors(TomcatEmbeddedServletContainer.java:194)
	at org.springframework.boot.context.embedded.tomcat.TomcatEmbeddedServletContainer.start(TomcatEmbeddedServletContainer.java:151)
	at org.springframework.boot.context.embedded.EmbeddedWebApplicationContext.startEmbeddedServletContainer(EmbeddedWebApplicationContext.java:293)
	at org.springframework.boot.context.embedded.EmbeddedWebApplicationContext.finishRefresh(EmbeddedWebApplicationContext.java:141)
	at org.springframework.context.support.AbstractApplicationContext.refresh(AbstractApplicationContext.java:541)
	at org.springframework.boot.context.embedded.EmbeddedWebApplicationContext.refresh(EmbeddedWebApplicationContext.java:118)
	at org.springframework.boot.SpringApplication.refresh(SpringApplication.java:766)
	at org.springframework.boot.SpringApplication.createAndRefreshContext(SpringApplication.java:361)
	at org.springframework.boot.SpringApplication.run(SpringApplication.java:307)
	at org.springframework.boot.SpringApplication.run(SpringApplication.java:1191)
	at org.springframework.boot.SpringApplication.run(SpringApplication.java:1180)
	at pl.java.scalatech.SpringDataTestApplication.main(SpringDataTestApplication.java:23)
Caused by: org.apache.catalina.LifecycleException: service.getName(): "Tomcat";  Protocol handler start failed
	at org.apache.catalina.connector.Connector.startInternal(Connector.java:993)
	at org.apache.catalina.util.LifecycleBase.start(LifecycleBase.java:147)
	... 13 common frames omitted
Caused by: java.net.BindException: Adres jest już w użyciu
	at sun.nio.ch.Net.bind0(Native Method)
	at sun.nio.ch.Net.bind(Net.java:433)
	at sun.nio.ch.Net.bind(Net.java:425)
	at sun.nio.ch.ServerSocketChannelImpl.bind(ServerSocketChannelImpl.java:223)
	at sun.nio.ch.ServerSocketAdaptor.bind(ServerSocketAdaptor.java:74)
	at org.apache.tomcat.util.net.NioEndpoint.bind(NioEndpoint.java:340)
	at org.apache.tomcat.util.net.AbstractEndpoint.start(AbstractEndpoint.java:765)
	at org.apache.coyote.AbstractProtocol.start(AbstractProtocol.java:473)
	at org.apache.catalina.connector.Connector.startInternal(Connector.java:986)
	... 14 common frames omitted
[INFO] 2016-03-17 13:03:18.944 [main] o.a.coyote.http11.Http11NioProtocol - [requestID: ] Pausing ProtocolHandler ["http-nio-8080"]
[INFO] 2016-03-17 13:03:18.944 [main] o.a.catalina.core.StandardService - [requestID: ] Stopping service Tomcat
[INFO] 2016-03-17 13:03:18.962 [main] o.apache.catalina.util.LifecycleBase - [requestID: ] The stop() method was called on component [StandardServer[-1]] after stop() had already been called. The second call will be ignored.
[INFO] 2016-03-17 13:03:18.963 [main] o.a.coyote.http11.Http11NioProtocol - [requestID: ] Stopping ProtocolHandler ["http-nio-8080"]
[INFO] 2016-03-17 13:03:18.964 [main] o.a.coyote.http11.Http11NioProtocol - [requestID: ] Destroying ProtocolHandler ["http-nio-8080"]
[ERROR] 2016-03-17 13:03:18.967 [main] o.s.boot.SpringApplication - [requestID: ] Application startup failed
org.springframework.boot.context.embedded.EmbeddedServletContainerException: Unable to start embedded Tomcat servlet container
	at org.springframework.boot.context.embedded.tomcat.TomcatEmbeddedServletContainer.start(TomcatEmbeddedServletContainer.java:165)
	at org.springframework.boot.context.embedded.EmbeddedWebApplicationContext.startEmbeddedServletContainer(EmbeddedWebApplicationContext.java:293)
	at org.springframework.boot.context.embedded.EmbeddedWebApplicationContext.finishRefresh(EmbeddedWebApplicationContext.java:141)
	at org.springframework.context.support.AbstractApplicationContext.refresh(AbstractApplicationContext.java:541)
	at org.springframework.boot.context.embedded.EmbeddedWebApplicationContext.refresh(EmbeddedWebApplicationContext.java:118)
	at org.springframework.boot.SpringApplication.refresh(SpringApplication.java:766)
	at org.springframework.boot.SpringApplication.createAndRefreshContext(SpringApplication.java:361)
	at org.springframework.boot.SpringApplication.run(SpringApplication.java:307)
	at org.springframework.boot.SpringApplication.run(SpringApplication.java:1191)
	at org.springframework.boot.SpringApplication.run(SpringApplication.java:1180)
	at pl.java.scalatech.SpringDataTestApplication.main(SpringDataTestApplication.java:23)
Caused by: java.lang.IllegalStateException: Tomcat connector in failed state
	at org.springframework.boot.context.embedded.tomcat.TomcatEmbeddedServletContainer.start(TomcatEmbeddedServletContainer.java:159)
	... 10 common frames omitted
[INFO] 2016-03-17 13:03:18.974 [main] o.s.b.l.ClasspathLoggingApplicationListener - [requestID: ] Application failed to start with classpath: [file:/home/przodownik/blog/springDataKata/build/classes/main/, file:/home/przodownik/blog/springDataKata/build/resources/main/, file:/home/przodownik/.gradle/caches/modules-2/files-2.1/org.springframework.boot/spring-boot-starter-web/1.3.3.RELEASE/f1ee2657f50844d8682b30a1f40aebff3ad60cce/spring-boot-starter-web-1.3.3.RELEASE.jar, file:/home/przodownik/.gradle/caches/modules-2/files-2.1/org.springframework.boot/spring-boot-starter-thymeleaf/1.3.3.RELEASE/b0a60f06e35a9df11d8fc34b5a1f31eee9dbdc6/spring-boot-starter-thymeleaf-1.3.3.RELEASE.jar, file:/home/przodownik/.gradle/caches/modules-2/files-2.1/org.springframework.boot/spring-boot-starter-logging/1.3.3.RELEASE/16b395c84f28b947f1c336aa461fda1e662bb3b6/spring-boot-starter-logging-1.3.3.RELEASE.jar, file:/home/przodownik/.gradle/caches/modules-2/files-2.1/org.springframework.boot/spring-boot-starter-data-jpa/1.3.3.RELEASE/c1f8f3102650e54259d69c519b45b64fbf5cd25b/spring-boot-starter-data-jpa-1.3.3.RELEASE.jar, file:/home/przodownik/.gradle/caches/modules-2/files-2.1/org.springframework.data/spring-data-rest-webmvc/2.4.0.RELEASE/834db763dd30c31bb330d981169860e7cd5cbeee/spring-data-rest-webmvc-2.4.0.RELEASE.jar, file:/home/przodownik/.gradle/caches/modules-2/files-2.1/org.springframework/spring-core/4.2.4.RELEASE/160ccd89230753d4f49477a967f5876b034d9745/spring-core-4.2.4.RELEASE.jar, file:/home/przodownik/.gradle/caches/modules-2/files-2.1/org.springframework/spring-beans/4.2.4.RELEASE/dc8e0874b53435f3e277d9da5aebd8b93cc7cf64/spring-beans-4.2.4.RELEASE.jar, file:/home/przodownik/.gradle/caches/modules-2/files-2.1/org.springframework/spring-context/4.2.4.RELEASE/23cd0109e4eafc5629547e3680b0c4031e82efdd/spring-context-4.2.4.RELEASE.jar, file:/home/przodownik/.gradle/caches/modules-2/files-2.1/org.springframework/spring-orm/4.2.4.RELEASE/f8cc11443ea62a189c4574e54116465960c490eb/spring-orm-4.2.4.RELEASE.jar, file:/home/przodownik/.gradle/caches/modules-2/files-2.1/org.springframework/spring-tx/4.2.4.RELEASE/66e1a131263f5f9ba95943061b22ff2666930ca6/spring-tx-4.2.4.RELEASE.jar, file:/home/przodownik/.gradle/caches/modules-2/files-2.1/org.springframework/spring-aop/4.2.4.RELEASE/3329cf71b4bc49c9767ca4f0704ed7b773f29fba/spring-aop-4.2.4.RELEASE.jar, file:/home/przodownik/.gradle/caches/modules-2/files-2.1/org.projectlombok/lombok/1.16.6/9d3a47307466b28632bf35f8972ae9d703879416/lombok-1.16.6.jar, file:/home/przodownik/.gradle/caches/modules-2/files-2.1/javax.validation/validation-api/1.1.0.Final/8613ae82954779d518631e05daa73a6a954817d5/validation-api-1.1.0.Final.jar, file:/home/przodownik/.gradle/caches/modules-2/files-2.1/org.hibernate/hibernate-validator/5.2.2.Final/990905cd9184450c5f3e929ab2566305e3a67fa1/hibernate-validator-5.2.2.Final.jar, file:/home/przodownik/.gradle/caches/modules-2/files-2.1/org.hibernate/hibernate-core/5.0.2.Final/21858bfbd54ec40f5715652294f865001e8e5e73/hibernate-core-5.0.2.Final.jar, file:/home/przodownik/.gradle/caches/modules-2/files-2.1/org.hibernate/hibernate-entitymanager/5.0.2.Final/13dc3a7ee72509e83c4b340674eadd508e7175cb/hibernate-entitymanager-5.0.2.Final.jar, file:/home/przodownik/.gradle/caches/modules-2/files-2.1/javax.money/money-api/1.0/69be13b8c532b8ef15d38b4fdfa301ccc7a937b7/money-api-1.0.jar, file:/home/przodownik/.gradle/caches/modules-2/files-2.1/org.javamoney/moneta/1.0/99b916fc5d37ea5149120e16df481c617e306699/moneta-1.0.jar, file:/home/przodownik/.gradle/caches/modules-2/files-2.1/com.h2database/h2/1.4.191/dec3540178ea889b2871b0ed56db14bbec9cfdfc/h2-1.4.191.jar, file:/home/przodownik/.gradle/caches/modules-2/files-2.1/com.google.guava/guava/19.0/6ce200f6b23222af3d8abb6b6459e6c44f4bb0e9/guava-19.0.jar, file:/home/przodownik/.gradle/caches/modules-2/files-2.1/org.springframework.boot/spring-boot-starter/1.3.3.RELEASE/e4a71ce6ae8e42a7535dd9f1a39f91d36c538f28/spring-boot-starter-1.3.3.RELEASE.jar, file:/home/przodownik/.gradle/caches/modules-2/files-2.1/org.springframework.boot/spring-boot-starter-tomcat/1.3.3.RELEASE/541468d85cc2c94d2b538b0fa07c018847bb9b78/spring-boot-starter-tomcat-1.3.3.RELEASE.jar, file:/home/przodownik/.gradle/caches/modules-2/files-2.1/org.springframework.boot/spring-boot-starter-validation/1.3.3.RELEASE/df2d5a437fa3093b8da99216c355189fe7b5e64/spring-boot-starter-validation-1.3.3.RELEASE.jar, file:/home/przodownik/.gradle/caches/modules-2/files-2.1/com.fasterxml.jackson.core/jackson-databind/2.6.5/d50be1723a09befd903887099ff2014ea9020333/jackson-databind-2.6.5.jar, file:/home/przodownik/.gradle/caches/modules-2/files-2.1/org.springframework/spring-web/4.2.4.RELEASE/d4bcc6f4d8b64d7af9b67bc17f0d5106dce97926/spring-web-4.2.4.RELEASE.jar, file:/home/przodownik/.gradle/caches/modules-2/files-2.1/org.springframework/spring-webmvc/4.2.4.RELEASE/cf4317be9c83b4c1c65ce2d3bb96673ac546030a/spring-webmvc-4.2.4.RELEASE.jar, file:/home/przodownik/.gradle/caches/modules-2/files-2.1/org.thymeleaf/thymeleaf-spring4/2.1.4.RELEASE/e5677e7daedfd05e001945abf4295305ac23826b/thymeleaf-spring4-2.1.4.RELEASE.jar, file:/home/przodownik/.gradle/caches/modules-2/files-2.1/nz.net.ultraq.thymeleaf/thymeleaf-layout-dialect/1.3.3/a58f248ee7c556265c49df466a6071956389c9ab/thymeleaf-layout-dialect-1.3.3.jar, file:/home/przodownik/.gradle/caches/modules-2/files-2.1/ch.qos.logback/logback-classic/1.1.5/92353eb144695bba80b31f7bec4f36d871f230ac/logback-classic-1.1.5.jar, file:/home/przodownik/.gradle/caches/modules-2/files-2.1/org.slf4j/jcl-over-slf4j/1.7.16/34e48073884704ac987d3d1a1ab9b60e62028a9/jcl-over-slf4j-1.7.16.jar, file:/home/przodownik/.gradle/caches/modules-2/files-2.1/org.slf4j/jul-to-slf4j/1.7.16/2d5b546c5557dcbf08c3a381d7dc9bd275a602c1/jul-to-slf4j-1.7.16.jar, file:/home/przodownik/.gradle/caches/modules-2/files-2.1/org.slf4j/log4j-over-slf4j/1.7.16/c5922f37c8a5e4377cfb543c549f10e73d72ede0/log4j-over-slf4j-1.7.16.jar, file:/home/przodownik/.gradle/caches/modules-2/files-2.1/org.springframework.boot/spring-boot-starter-aop/1.3.3.RELEASE/f80c290f6a3dccb8255a594795a20048c63460da/spring-boot-starter-aop-1.3.3.RELEASE.jar, file:/home/przodownik/.gradle/caches/modules-2/files-2.1/org.springframework.boot/spring-boot-starter-jdbc/1.3.3.RELEASE/f10ffeca4c879f1f66f30989cc0f133258934246/spring-boot-starter-jdbc-1.3.3.RELEASE.jar, file:/home/przodownik/.gradle/caches/modules-2/files-2.1/javax.transaction/javax.transaction-api/1.2/d81aff979d603edd90dcd8db2abc1f4ce6479e3e/javax.transaction-api-1.2.jar, file:/home/przodownik/.gradle/caches/modules-2/files-2.1/org.springframework.data/spring-data-jpa/1.9.0.RELEASE/54eb2e41ceba320dcbd67c19e8a50cb9af4160a5/spring-data-jpa-1.9.0.RELEASE.jar, file:/home/przodownik/.gradle/caches/modules-2/files-2.1/org.springframework/spring-aspects/4.2.4.RELEASE/f8b7fe22a4a1be320c9148499437c6347c1701f1/spring-aspects-4.2.4.RELEASE.jar, file:/home/przodownik/.gradle/caches/modules-2/files-2.1/org.springframework.data/spring-data-rest-core/2.4.0.RELEASE/523750a61feff856001699359e6375f9253b469a/spring-data-rest-core-2.4.0.RELEASE.jar, file:/home/przodownik/.gradle/caches/modules-2/files-2.1/com.fasterxml.jackson.core/jackson-annotations/2.6.5/65137ebf85056473b40c311f889601646a7612ba/jackson-annotations-2.6.5.jar, file:/home/przodownik/.gradle/caches/modules-2/files-2.1/com.github.fge/json-patch/1.7/78831bdcabc64a4f9e64e1439763010b24e0d71d/json-patch-1.7.jar, file:/home/przodownik/.gradle/caches/modules-2/files-2.1/org.slf4j/slf4j-api/1.7.16/3a6274f658487d5bfff9af3862beff6da1e7fd52/slf4j-api-1.7.16.jar, file:/home/przodownik/.gradle/caches/modules-2/files-2.1/org.springframework/spring-expression/4.2.4.RELEASE/15b6f6d61bc68fe2cc6cbd63e2329601afb8b39/spring-expression-4.2.4.RELEASE.jar, file:/home/przodownik/.gradle/caches/modules-2/files-2.1/org.springframework/spring-jdbc/4.2.4.RELEASE/7aa1c3c817b0a04796e6570a2c07ac23248c1ee0/spring-jdbc-4.2.4.RELEASE.jar, file:/home/przodownik/.gradle/caches/modules-2/files-2.1/aopalliance/aopalliance/1.0/235ba8b489512805ac13a8f9ea77a1ca5ebe3e8/aopalliance-1.0.jar, file:/home/przodownik/.gradle/caches/modules-2/files-2.1/org.jboss.logging/jboss-logging/3.3.0.Final/3616bb87707910296e2c195dc016287080bba5af/jboss-logging-3.3.0.Final.jar, file:/home/przodownik/.gradle/caches/modules-2/files-2.1/com.fasterxml/classmate/1.1.0/dbbd699a1486ad0f2ed6f5af6cfed66acacb9056/classmate-1.1.0.jar, file:/home/przodownik/.gradle/caches/modules-2/files-2.1/org.apache.geronimo.specs/geronimo-jta_1.1_spec/1.1.1/aabab3165b8ea936b9360abbf448459c0d04a5a4/geronimo-jta_1.1_spec-1.1.1.jar, file:/home/przodownik/.gradle/caches/modules-2/files-2.1/org.hibernate.javax.persistence/hibernate-jpa-2.1-api/1.0.0.Final/5e731d961297e5a07290bfaf3db1fbc8bbbf405a/hibernate-jpa-2.1-api-1.0.0.Final.jar, file:/home/przodownik/.gradle/caches/modules-2/files-2.1/org.javassist/javassist/3.18.1-GA/d9a09f7732226af26bf99f19e2cffe0ae219db5b/javassist-3.18.1-GA.jar, file:/home/przodownik/.gradle/caches/modules-2/files-2.1/antlr/antlr/2.7.7/83cd2cd674a217ade95a4bb83a8a14f351f48bd0/antlr-2.7.7.jar, file:/home/przodownik/.gradle/caches/modules-2/files-2.1/org.jboss/jandex/1.2.2.Final/5881a59efdabb52c1b97f29e9015ef724aaabf65/jandex-1.2.2.Final.jar, file:/home/przodownik/.gradle/caches/modules-2/files-2.1/dom4j/dom4j/1.6.1/5d3ccc056b6f056dbf0dddfdf43894b9065a8f94/dom4j-1.6.1.jar, file:/home/przodownik/.gradle/caches/modules-2/files-2.1/org.hibernate.common/hibernate-commons-annotations/5.0.0.Final/18a9e99c0150d7afa5042c53c01e7b3db0e55f0f/hibernate-commons-annotations-5.0.0.Final.jar, file:/home/przodownik/.gradle/caches/modules-2/files-2.1/javax.annotation/javax.annotation-api/1.2/479c1e06db31c432330183f5cae684163f186146/javax.annotation-api-1.2.jar, file:/home/przodownik/.gradle/caches/modules-2/files-2.1/org.springframework.boot/spring-boot/1.3.3.RELEASE/641cc375499d444e4efbc1801902260daa79758d/spring-boot-1.3.3.RELEASE.jar, file:/home/przodownik/.gradle/caches/modules-2/files-2.1/org.springframework.boot/spring-boot-autoconfigure/1.3.3.RELEASE/e7a4a25f74dac6b335ffabc43e3e8a6e3066340e/spring-boot-autoconfigure-1.3.3.RELEASE.jar, file:/home/przodownik/.gradle/caches/modules-2/files-2.1/org.yaml/snakeyaml/1.16/d64fb662c9e42789149f5078a62a22edda786c6a/snakeyaml-1.16.jar, file:/home/przodownik/.gradle/caches/modules-2/files-2.1/org.apache.tomcat.embed/tomcat-embed-core/8.0.32/734ead0c803525cc9c7f283438101734ca9aac01/tomcat-embed-core-8.0.32.jar, file:/home/przodownik/.gradle/caches/modules-2/files-2.1/org.apache.tomcat.embed/tomcat-embed-el/8.0.32/82adf8bd959fc046d55490e6f2ce67297c91d62b/tomcat-embed-el-8.0.32.jar, file:/home/przodownik/.gradle/caches/modules-2/files-2.1/org.apache.tomcat.embed/tomcat-embed-logging-juli/8.0.32/5e664b357710a6c43cad2191404c2a9d0b82cdb3/tomcat-embed-logging-juli-8.0.32.jar, file:/home/przodownik/.gradle/caches/modules-2/files-2.1/org.apache.tomcat.embed/tomcat-embed-websocket/8.0.32/237ca58dac66f438579750169e6cb297ac041c9d/tomcat-embed-websocket-8.0.32.jar, file:/home/przodownik/.gradle/caches/modules-2/files-2.1/com.fasterxml.jackson.core/jackson-core/2.6.5/334369d7eff497f358b248c171dac0dd62c68f67/jackson-core-2.6.5.jar, file:/home/przodownik/.gradle/caches/modules-2/files-2.1/org.thymeleaf/thymeleaf/2.1.4.RELEASE/a730d892f3c57ba3d24af2ca657b42d81398a85a/thymeleaf-2.1.4.RELEASE.jar, file:/home/przodownik/.gradle/caches/modules-2/files-2.1/org.codehaus.groovy/groovy/2.4.6/844cb06c553a5e6a736f44aa2b67d25bf6a34fde/groovy-2.4.6.jar, file:/home/przodownik/.gradle/caches/modules-2/files-2.1/ch.qos.logback/logback-core/1.1.5/16722afde74444716e299bee1f60aec9f6d1f0dc/logback-core-1.1.5.jar, file:/home/przodownik/.gradle/caches/modules-2/files-2.1/org.aspectj/aspectjweaver/1.8.8/969c8d3d3d56db1e1c8721a03ef07d0c9ac3a2e4/aspectjweaver-1.8.8.jar, file:/home/przodownik/.gradle/caches/modules-2/files-2.1/org.apache.tomcat/tomcat-jdbc/8.0.32/55396c45fc8c34f31420a3b280fde4b1387b044d/tomcat-jdbc-8.0.32.jar, file:/home/przodownik/.gradle/caches/modules-2/files-2.1/org.springframework.data/spring-data-commons/1.11.0.RELEASE/935cd4ab0a1a07358d7f0c9c808f9113dc177bd8/spring-data-commons-1.11.0.RELEASE.jar, file:/home/przodownik/.gradle/caches/modules-2/files-2.1/org.springframework.hateoas/spring-hateoas/0.19.0.RELEASE/77b3b15c301d2517356b76304a2670df33ef2e2c/spring-hateoas-0.19.0.RELEASE.jar, file:/home/przodownik/.gradle/caches/modules-2/files-2.1/org.springframework.plugin/spring-plugin-core/1.2.0.RELEASE/f380e7760032e7d929184f8ad8a33716b75c0657/spring-plugin-core-1.2.0.RELEASE.jar, file:/home/przodownik/.gradle/caches/modules-2/files-2.1/org.atteo/evo-inflector/1.2.1/b9cdd1e7dc20a222db0853dfb152ef349c7d0eed/evo-inflector-1.2.1.jar, file:/home/przodownik/.gradle/caches/modules-2/files-2.1/com.github.fge/jackson-coreutils/1.6/9e6af56eb7cc2a65700b289abc7ee2bd170fd231/jackson-coreutils-1.6.jar, file:/home/przodownik/.gradle/caches/modules-2/files-2.1/com.google.code.findbugs/jsr305/2.0.1/516c03b21d50a644d538de0f0369c620989cd8f0/jsr305-2.0.1.jar, file:/home/przodownik/.gradle/caches/modules-2/files-2.1/xml-apis/xml-apis/1.0.b2/3136ca936f64c9d68529f048c2618bd356bf85c9/xml-apis-1.0.b2.jar, file:/home/przodownik/.gradle/caches/modules-2/files-2.1/ognl/ognl/3.0.8/37e1aebfde7eb7baebc9ad4f85116ef9009c5fc5/ognl-3.0.8.jar, file:/home/przodownik/.gradle/caches/modules-2/files-2.1/org.unbescape/unbescape/1.1.0.RELEASE/ab0db4fe0a6fa89fb8da2a40008a4e63a7f3f5b9/unbescape-1.1.0.RELEASE.jar, file:/home/przodownik/.gradle/caches/modules-2/files-2.1/org.apache.tomcat/tomcat-juli/8.0.32/71471069cea029dfdce0735337864c7d0a3d9992/tomcat-juli-8.0.32.jar, file:/home/przodownik/.gradle/caches/modules-2/files-2.1/com.github.fge/msg-simple/1.1/f261263e13dd4cfa93cc6b83f1f58f619097a2c4/msg-simple-1.1.jar, file:/home/przodownik/.gradle/caches/modules-2/files-2.1/com.github.fge/btf/1.2/9e66651022eb86301b348d57e6f59459effc343b/btf-1.2.jar]
[INFO] 2016-03-17 13:03:50.628 [Test worker] o.s.t.c.s.DefaultTestContextBootstrapper - [requestID: ] Loaded default TestExecutionListener class names from location [META-INF/spring.factories]: [org.springframework.test.context.web.ServletTestExecutionListener, org.springframework.test.context.support.DirtiesContextBeforeModesTestExecutionListener, org.springframework.test.context.support.DependencyInjectionTestExecutionListener, org.springframework.test.context.support.DirtiesContextTestExecutionListener, org.springframework.test.context.transaction.TransactionalTestExecutionListener, org.springframework.test.context.jdbc.SqlScriptsTestExecutionListener]
[INFO] 2016-03-17 13:03:50.650 [Test worker] o.s.t.c.s.DefaultTestContextBootstrapper - [requestID: ] Using TestExecutionListeners: [org.springframework.test.context.web.ServletTestExecutionListener@68366de0, org.springframework.test.context.support.DirtiesContextBeforeModesTestExecutionListener@5cbff82c, org.springframework.test.context.support.DependencyInjectionTestExecutionListener@6d27f4e3, org.springframework.test.context.support.DirtiesContextTestExecutionListener@125558bc, org.springframework.test.context.transaction.TransactionalTestExecutionListener@49577e7b, org.springframework.test.context.jdbc.SqlScriptsTestExecutionListener@6a0a81e5]
[INFO] 2016-03-17 13:03:50.793 [Test worker] o.s.c.s.GenericApplicationContext - [requestID: ] Refreshing org.springframework.context.support.GenericApplicationContext@21d9d2e9: startup date [Thu Mar 17 13:03:50 CET 2016]; root of context hierarchy
[INFO] 2016-03-17 13:03:51.447 [Test worker] o.h.validator.internal.util.Version - [requestID: ] HV000001: Hibernate Validator 5.2.2.Final
[INFO] 2016-03-17 13:03:52.219 [Test worker] o.s.o.j.LocalContainerEntityManagerFactoryBean - [requestID: ] Building JPA container EntityManagerFactory for persistence unit 'default'
[INFO] 2016-03-17 13:03:52.245 [Test worker] o.h.jpa.internal.util.LogHelper - [requestID: ] HHH000204: Processing PersistenceUnitInfo [
	name: default
	...]
[INFO] 2016-03-17 13:03:52.327 [Test worker] org.hibernate.Version - [requestID: ] HHH000412: Hibernate Core {5.0.2.Final}
[INFO] 2016-03-17 13:03:52.330 [Test worker] org.hibernate.cfg.Environment - [requestID: ] HHH000206: hibernate.properties not found
[INFO] 2016-03-17 13:03:52.333 [Test worker] org.hibernate.cfg.Environment - [requestID: ] HHH000021: Bytecode provider name : javassist
[INFO] 2016-03-17 13:03:52.379 [Test worker] o.h.annotations.common.Version - [requestID: ] HCANN000001: Hibernate Commons Annotations {5.0.0.Final}
[WARN] 2016-03-17 13:03:52.388 [Test worker] org.hibernate.orm.deprecation - [requestID: ] HHH90000006: Attempted to specify unsupported NamingStrategy via setting [hibernate.ejb.naming_strategy]; NamingStrategy has been removed in favor of the split ImplicitNamingStrategy and PhysicalNamingStrategy; use [hibernate.implicit_naming_strategy] or [hibernate.physical_naming_strategy], respectively, instead.
[INFO] 2016-03-17 13:03:52.602 [Test worker] org.hibernate.dialect.Dialect - [requestID: ] HHH000400: Using dialect: org.hibernate.dialect.H2Dialect
[INFO] 2016-03-17 13:03:53.451 [Test worker] o.h.tool.hbm2ddl.SchemaExport - [requestID: ] HHH000227: Running hbm2ddl schema export
[INFO] 2016-03-17 13:03:53.474 [Test worker] o.h.tool.hbm2ddl.SchemaExport - [requestID: ] HHH000230: Schema export complete
[INFO] 2016-03-17 13:03:54.017 [Test worker] o.h.h.i.QueryTranslatorFactoryInitiator - [requestID: ] HHH000397: Using ASTQueryTranslatorFactory
[WARN] 2016-03-17 13:03:54.277 [Test worker] o.h.e.jdbc.spi.SqlExceptionHelper - [requestID: ] SQL Error: 90007, SQLState: 90007
[ERROR] 2016-03-17 13:03:54.278 [Test worker] o.h.e.jdbc.spi.SqlExceptionHelper - [requestID: ] Obiekt jest zamknięty
The object is already closed [90007-191]
[INFO] 2016-03-17 13:03:54.313 [Test worker] p.j.scalatech.monetary.MonetaryTest - [requestID: ] money : USD 10
[INFO] 2016-03-17 13:03:54.314 [Test worker] p.j.scalatech.monetary.MonetaryTest - [requestID: ] money2 :USD 20.00000
[INFO] 2016-03-17 13:03:54.381 [Test worker] o.s.t.c.s.AbstractContextLoader - [requestID: ] Could not detect default resource locations for test class [pl.java.scalatech.SpringDataTestApplicationTests]: no resource found for suffixes {-context.xml, Context.groovy}.
[INFO] 2016-03-17 13:03:54.384 [Test worker] o.s.t.c.s.DefaultTestContextBootstrapper - [requestID: ] Loaded default TestExecutionListener class names from location [META-INF/spring.factories]: [org.springframework.test.context.web.ServletTestExecutionListener, org.springframework.test.context.support.DirtiesContextBeforeModesTestExecutionListener, org.springframework.test.context.support.DependencyInjectionTestExecutionListener, org.springframework.test.context.support.DirtiesContextTestExecutionListener, org.springframework.test.context.transaction.TransactionalTestExecutionListener, org.springframework.test.context.jdbc.SqlScriptsTestExecutionListener]
[INFO] 2016-03-17 13:03:54.385 [Test worker] o.s.t.c.s.DefaultTestContextBootstrapper - [requestID: ] Using TestExecutionListeners: [org.springframework.test.context.web.ServletTestExecutionListener@5cf3cb48, org.springframework.test.context.support.DirtiesContextBeforeModesTestExecutionListener@60d3cb8d, org.springframework.test.context.support.DependencyInjectionTestExecutionListener@648950ae, org.springframework.test.context.support.DirtiesContextTestExecutionListener@28567fbf, org.springframework.test.context.transaction.TransactionalTestExecutionListener@6abd4876, org.springframework.test.context.jdbc.SqlScriptsTestExecutionListener@144c790f]
[INFO] 2016-03-17 13:03:54.574 [Test worker] p.j.s.SpringDataTestApplicationTests - [requestID: ] Starting SpringDataTestApplicationTests on przodownik-Dell-System-XPS-L702X with PID 15698 (/home/przodownik/blog/springDataKata/build/classes/test started by przodownik in /home/przodownik/blog/springDataKata)
[INFO] 2016-03-17 13:03:54.575 [Test worker] p.j.s.SpringDataTestApplicationTests - [requestID: ] No active profile set, falling back to default profiles: default
[INFO] 2016-03-17 13:03:54.793 [Test worker] o.s.c.a.AnnotationConfigApplicationContext - [requestID: ] Refreshing org.springframework.context.annotation.AnnotationConfigApplicationContext@3a5a71e9: startup date [Thu Mar 17 13:03:54 CET 2016]; root of context hierarchy
[INFO] 2016-03-17 13:03:56.224 [Test worker] o.s.o.j.LocalContainerEntityManagerFactoryBean - [requestID: ] Building JPA container EntityManagerFactory for persistence unit 'default'
[INFO] 2016-03-17 13:03:56.226 [Test worker] o.h.jpa.internal.util.LogHelper - [requestID: ] HHH000204: Processing PersistenceUnitInfo [
	name: default
	...]
[WARN] 2016-03-17 13:03:56.233 [Test worker] org.hibernate.orm.deprecation - [requestID: ] HHH90000006: Attempted to specify unsupported NamingStrategy via setting [hibernate.ejb.naming_strategy]; NamingStrategy has been removed in favor of the split ImplicitNamingStrategy and PhysicalNamingStrategy; use [hibernate.implicit_naming_strategy] or [hibernate.physical_naming_strategy], respectively, instead.
[INFO] 2016-03-17 13:03:56.243 [Test worker] org.hibernate.dialect.Dialect - [requestID: ] HHH000400: Using dialect: org.hibernate.dialect.H2Dialect
[INFO] 2016-03-17 13:03:56.316 [Test worker] o.h.tool.hbm2ddl.SchemaUpdate - [requestID: ] HHH000228: Running hbm2ddl schema update
[WARN] 2016-03-17 13:03:56.405 [Test worker] o.h.j.i.EntityManagerFactoryRegistry - [requestID: ] HHH000436: Entity manager factory name (default) is already registered.  If entity manager will be clustered or passivated, specify a unique value for property 'hibernate.ejb.entitymanager_factory_name'
[INFO] 2016-03-17 13:03:56.470 [Test worker] o.h.h.i.QueryTranslatorFactoryInitiator - [requestID: ] HHH000397: Using ASTQueryTranslatorFactory
[TRACE] 2016-03-17 13:03:57.194 [Test worker] o.s.a.i.CustomizableTraceInterceptor - [requestID: ] Entering save(Person(id=null, firstname=slawek, email=przodownikR1@gmail.com, modify=null, birthDay=2016-03-17T13:03:57.193+01:00[Europe/Warsaw])).
[TRACE] 2016-03-17 13:03:57.205 [Test worker] o.s.a.i.CustomizableTraceInterceptor - [requestID: ] Leaving save(..) with return value Person(id=5, firstname=slawek, email=przodownikR1@gmail.com, modify=null, birthDay=2016-03-17T13:03:57.193+01:00[Europe/Warsaw]), took 11ms.
[TRACE] 2016-03-17 13:03:57.207 [Test worker] o.s.a.i.CustomizableTraceInterceptor - [requestID: ] Entering findAll().
[TRACE] 2016-03-17 13:03:57.236 [Test worker] o.s.a.i.CustomizableTraceInterceptor - [requestID: ] Leaving findAll(..) with return value [Person(id=1, firstname=przodownik, email=przodownikR1@gmail.com, modify=2016-03-17, birthDay=2016-03-17T13:03:54.150+01:00[Europe/Warsaw]), Person(id=2, firstname=kalina, email=kalinaR1@gmail.com, modify=2016-03-17, birthDay=2016-03-17T13:03:54.245+01:00[Europe/Warsaw]), Person(id=3, firstname=aga, email=aga@gmail.com, modify=2016-03-17, birthDay=2016-03-17T13:03:54.248+01:00[Europe/Warsaw]), Person(id=4, firstname=bak, email=bak@gmail.com, modify=2016-03-17, birthDay=2016-03-17T13:03:54.251+01:00[Europe/Warsaw]), Person(id=5, firstname=slawek, email=przodownikR1@gmail.com, modify=null, birthDay=2016-03-17T13:03:57.193+01:00[Europe/Warsaw])], took 29ms.
[INFO] 2016-03-17 13:03:57.237 [Test worker] p.j.s.SpringDataTestApplication - [requestID: ] [Person(id=1, firstname=przodownik, email=przodownikR1@gmail.com, modify=2016-03-17, birthDay=2016-03-17T13:03:54.150+01:00[Europe/Warsaw]), Person(id=2, firstname=kalina, email=kalinaR1@gmail.com, modify=2016-03-17, birthDay=2016-03-17T13:03:54.245+01:00[Europe/Warsaw]), Person(id=3, firstname=aga, email=aga@gmail.com, modify=2016-03-17, birthDay=2016-03-17T13:03:54.248+01:00[Europe/Warsaw]), Person(id=4, firstname=bak, email=bak@gmail.com, modify=2016-03-17, birthDay=2016-03-17T13:03:54.251+01:00[Europe/Warsaw]), Person(id=5, firstname=slawek, email=przodownikR1@gmail.com, modify=null, birthDay=2016-03-17T13:03:57.193+01:00[Europe/Warsaw])] 
[INFO] 2016-03-17 13:03:57.239 [Test worker] p.j.s.SpringDataTestApplicationTests - [requestID: ] Started SpringDataTestApplicationTests in 2.824 seconds (JVM running for 7.567)
[INFO] 2016-03-17 13:03:57.248 [Test worker] o.s.t.c.s.DefaultTestContextBootstrapper - [requestID: ] Loaded default TestExecutionListener class names from location [META-INF/spring.factories]: [org.springframework.test.context.web.ServletTestExecutionListener, org.springframework.test.context.support.DirtiesContextBeforeModesTestExecutionListener, org.springframework.test.context.support.DependencyInjectionTestExecutionListener, org.springframework.test.context.support.DirtiesContextTestExecutionListener, org.springframework.test.context.transaction.TransactionalTestExecutionListener, org.springframework.test.context.jdbc.SqlScriptsTestExecutionListener]
[INFO] 2016-03-17 13:03:57.248 [Test worker] o.s.t.c.s.DefaultTestContextBootstrapper - [requestID: ] Using TestExecutionListeners: [org.springframework.test.context.web.ServletTestExecutionListener@64519381, org.springframework.test.context.support.DirtiesContextBeforeModesTestExecutionListener@4d7f84ff, org.springframework.test.context.support.DependencyInjectionTestExecutionListener@16078cd, org.springframework.test.context.support.DirtiesContextTestExecutionListener@707da425, org.springframework.test.context.transaction.TransactionalTestExecutionListener@18d8ec30, org.springframework.test.context.jdbc.SqlScriptsTestExecutionListener@29b1dba8]
[INFO] 2016-03-17 13:03:57.292 [Test worker] pl.java.scalatech.example.CartTest - [requestID: ] null
[INFO] 2016-03-17 13:03:57.300 [Thread-6] o.s.c.a.AnnotationConfigApplicationContext - [requestID: ] Closing org.springframework.context.annotation.AnnotationConfigApplicationContext@3a5a71e9: startup date [Thu Mar 17 13:03:54 CET 2016]; root of context hierarchy
[INFO] 2016-03-17 13:03:57.300 [Thread-5] o.s.c.s.GenericApplicationContext - [requestID: ] Closing org.springframework.context.support.GenericApplicationContext@21d9d2e9: startup date [Thu Mar 17 13:03:50 CET 2016]; root of context hierarchy
[INFO] 2016-03-17 13:03:57.308 [Thread-5] o.s.o.j.LocalContainerEntityManagerFactoryBean - [requestID: ] Closing JPA EntityManagerFactory for persistence unit 'default'
[INFO] 2016-03-17 13:03:57.310 [Thread-5] o.h.tool.hbm2ddl.SchemaExport - [requestID: ] HHH000227: Running hbm2ddl schema export
[INFO] 2016-03-17 13:03:57.311 [Thread-6] o.s.o.j.LocalContainerEntityManagerFactoryBean - [requestID: ] Closing JPA EntityManagerFactory for persistence unit 'default'
[INFO] 2016-03-17 13:03:57.321 [Thread-5] o.h.tool.hbm2ddl.SchemaExport - [requestID: ] HHH000230: Schema export complete
[INFO] 2016-03-17 13:04:57.254 [main] o.s.t.c.s.DefaultTestContextBootstrapper - [requestID: ] Loaded default TestExecutionListener class names from location [META-INF/spring.factories]: [org.springframework.test.context.web.ServletTestExecutionListener, org.springframework.test.context.support.DirtiesContextBeforeModesTestExecutionListener, org.springframework.test.context.support.DependencyInjectionTestExecutionListener, org.springframework.test.context.support.DirtiesContextTestExecutionListener, org.springframework.test.context.transaction.TransactionalTestExecutionListener, org.springframework.test.context.jdbc.SqlScriptsTestExecutionListener]
[INFO] 2016-03-17 13:04:57.275 [main] o.s.t.c.s.DefaultTestContextBootstrapper - [requestID: ] Using TestExecutionListeners: [org.springframework.test.context.web.ServletTestExecutionListener@396e2f39, org.springframework.test.context.support.DirtiesContextBeforeModesTestExecutionListener@a74868d, org.springframework.test.context.support.DependencyInjectionTestExecutionListener@12c8a2c0, org.springframework.test.context.support.DirtiesContextTestExecutionListener@7e0e6aa2, org.springframework.test.context.transaction.TransactionalTestExecutionListener@365185bd, org.springframework.test.context.jdbc.SqlScriptsTestExecutionListener@18bf3d14]
[INFO] 2016-03-17 13:04:57.417 [main] o.s.c.s.GenericApplicationContext - [requestID: ] Refreshing org.springframework.context.support.GenericApplicationContext@69379752: startup date [Thu Mar 17 13:04:57 CET 2016]; root of context hierarchy
[INFO] 2016-03-17 13:04:57.932 [main] o.h.validator.internal.util.Version - [requestID: ] HV000001: Hibernate Validator 5.2.2.Final
[INFO] 2016-03-17 13:04:58.483 [main] o.s.o.j.LocalContainerEntityManagerFactoryBean - [requestID: ] Building JPA container EntityManagerFactory for persistence unit 'default'
[INFO] 2016-03-17 13:04:58.500 [main] o.h.jpa.internal.util.LogHelper - [requestID: ] HHH000204: Processing PersistenceUnitInfo [
	name: default
	...]
[INFO] 2016-03-17 13:04:58.583 [main] org.hibernate.Version - [requestID: ] HHH000412: Hibernate Core {5.0.2.Final}
[INFO] 2016-03-17 13:04:58.585 [main] org.hibernate.cfg.Environment - [requestID: ] HHH000206: hibernate.properties not found
[INFO] 2016-03-17 13:04:58.587 [main] org.hibernate.cfg.Environment - [requestID: ] HHH000021: Bytecode provider name : javassist
[INFO] 2016-03-17 13:04:58.629 [main] o.h.annotations.common.Version - [requestID: ] HCANN000001: Hibernate Commons Annotations {5.0.0.Final}
[WARN] 2016-03-17 13:04:58.636 [main] org.hibernate.orm.deprecation - [requestID: ] HHH90000006: Attempted to specify unsupported NamingStrategy via setting [hibernate.ejb.naming_strategy]; NamingStrategy has been removed in favor of the split ImplicitNamingStrategy and PhysicalNamingStrategy; use [hibernate.implicit_naming_strategy] or [hibernate.physical_naming_strategy], respectively, instead.
[INFO] 2016-03-17 13:04:58.906 [main] org.hibernate.dialect.Dialect - [requestID: ] HHH000400: Using dialect: org.hibernate.dialect.H2Dialect
[INFO] 2016-03-17 13:04:59.680 [main] o.h.tool.hbm2ddl.SchemaExport - [requestID: ] HHH000227: Running hbm2ddl schema export
[INFO] 2016-03-17 13:04:59.713 [main] o.h.tool.hbm2ddl.SchemaExport - [requestID: ] HHH000230: Schema export complete
[INFO] 2016-03-17 13:05:00.227 [main] o.h.h.i.QueryTranslatorFactoryInitiator - [requestID: ] HHH000397: Using ASTQueryTranslatorFactory
[INFO] 2016-03-17 13:05:00.527 [main] pl.java.scalatech.example.CartTest - [requestID: ] pl.java.scalatech.domain.example.Cart@3c
[INFO] 2016-03-17 13:05:00.529 [Thread-2] o.s.c.s.GenericApplicationContext - [requestID: ] Closing org.springframework.context.support.GenericApplicationContext@69379752: startup date [Thu Mar 17 13:04:57 CET 2016]; root of context hierarchy
[INFO] 2016-03-17 13:05:00.532 [Thread-2] o.s.o.j.LocalContainerEntityManagerFactoryBean - [requestID: ] Closing JPA EntityManagerFactory for persistence unit 'default'
[INFO] 2016-03-17 13:05:00.533 [Thread-2] o.h.tool.hbm2ddl.SchemaExport - [requestID: ] HHH000227: Running hbm2ddl schema export
[INFO] 2016-03-17 13:05:00.540 [Thread-2] o.h.tool.hbm2ddl.SchemaExport - [requestID: ] HHH000230: Schema export complete
[INFO] 2016-03-17 13:05:53.221 [main] p.j.s.SpringDataTestApplication - [requestID: ] Starting SpringDataTestApplication on przodownik-Dell-System-XPS-L702X with PID 15918 (/home/przodownik/blog/springDataKata/build/classes/main started by przodownik in /home/przodownik/blog/springDataKata)
[INFO] 2016-03-17 13:05:53.224 [main] p.j.s.SpringDataTestApplication - [requestID: ] No active profile set, falling back to default profiles: default
[INFO] 2016-03-17 13:05:53.492 [main] o.s.b.c.e.AnnotationConfigEmbeddedWebApplicationContext - [requestID: ] Refreshing org.springframework.boot.context.embedded.AnnotationConfigEmbeddedWebApplicationContext@157632c9: startup date [Thu Mar 17 13:05:53 CET 2016]; root of context hierarchy
[INFO] 2016-03-17 13:05:53.542 [background-preinit] o.h.validator.internal.util.Version - [requestID: ] HV000001: Hibernate Validator 5.2.2.Final
[INFO] 2016-03-17 13:05:54.841 [main] o.s.b.f.s.DefaultListableBeanFactory - [requestID: ] Overriding bean definition for bean 'beanNameViewResolver' with a different definition: replacing [Root bean: class [null]; scope=; abstract=false; lazyInit=false; autowireMode=3; dependencyCheck=0; autowireCandidate=true; primary=false; factoryBeanName=org.springframework.boot.autoconfigure.web.ErrorMvcAutoConfiguration$WhitelabelErrorViewConfiguration; factoryMethodName=beanNameViewResolver; initMethodName=null; destroyMethodName=(inferred); defined in class path resource [org/springframework/boot/autoconfigure/web/ErrorMvcAutoConfiguration$WhitelabelErrorViewConfiguration.class]] with [Root bean: class [null]; scope=; abstract=false; lazyInit=false; autowireMode=3; dependencyCheck=0; autowireCandidate=true; primary=false; factoryBeanName=org.springframework.boot.autoconfigure.web.WebMvcAutoConfiguration$WebMvcAutoConfigurationAdapter; factoryMethodName=beanNameViewResolver; initMethodName=null; destroyMethodName=(inferred); defined in class path resource [org/springframework/boot/autoconfigure/web/WebMvcAutoConfiguration$WebMvcAutoConfigurationAdapter.class]]
[INFO] 2016-03-17 13:05:55.458 [main] o.s.c.s.PostProcessorRegistrationDelegate$BeanPostProcessorChecker - [requestID: ] Bean 'org.springframework.transaction.annotation.ProxyTransactionManagementConfiguration' of type [class org.springframework.transaction.annotation.ProxyTransactionManagementConfiguration$$EnhancerBySpringCGLIB$$447864ed] is not eligible for getting processed by all BeanPostProcessors (for example: not eligible for auto-proxying)
[INFO] 2016-03-17 13:05:55.508 [main] o.s.c.s.PostProcessorRegistrationDelegate$BeanPostProcessorChecker - [requestID: ] Bean 'aopProfiler' of type [class pl.java.scalatech.config.AopProfiler$$EnhancerBySpringCGLIB$$9e0ae31d] is not eligible for getting processed by all BeanPostProcessors (for example: not eligible for auto-proxying)
[INFO] 2016-03-17 13:05:55.531 [main] o.s.c.s.PostProcessorRegistrationDelegate$BeanPostProcessorChecker - [requestID: ] Bean 'interceptor' of type [class org.springframework.aop.interceptor.CustomizableTraceInterceptor] is not eligible for getting processed by all BeanPostProcessors (for example: not eligible for auto-proxying)
[INFO] 2016-03-17 13:05:55.536 [main] o.s.c.s.PostProcessorRegistrationDelegate$BeanPostProcessorChecker - [requestID: ] Bean 'traceAdvisor' of type [class org.springframework.aop.support.DefaultPointcutAdvisor] is not eligible for getting processed by all BeanPostProcessors (for example: not eligible for auto-proxying)
[INFO] 2016-03-17 13:05:56.215 [main] o.s.b.c.e.t.TomcatEmbeddedServletContainer - [requestID: ] Tomcat initialized with port(s): 9444 (http)
[INFO] 2016-03-17 13:05:56.237 [main] o.a.catalina.core.StandardService - [requestID: ] Starting service Tomcat
[INFO] 2016-03-17 13:05:56.239 [main] o.a.catalina.core.StandardEngine - [requestID: ] Starting Servlet Engine: Apache Tomcat/8.0.32
[INFO] 2016-03-17 13:05:56.373 [localhost-startStop-1] o.a.c.c.C.[Tomcat].[localhost].[/] - [requestID: ] Initializing Spring embedded WebApplicationContext
[INFO] 2016-03-17 13:05:56.375 [localhost-startStop-1] o.s.web.context.ContextLoader - [requestID: ] Root WebApplicationContext: initialization completed in 2888 ms
[INFO] 2016-03-17 13:05:57.088 [localhost-startStop-1] o.s.o.j.LocalContainerEntityManagerFactoryBean - [requestID: ] Building JPA container EntityManagerFactory for persistence unit 'default'
[INFO] 2016-03-17 13:05:57.114 [localhost-startStop-1] o.h.jpa.internal.util.LogHelper - [requestID: ] HHH000204: Processing PersistenceUnitInfo [
	name: default
	...]
[INFO] 2016-03-17 13:05:57.214 [localhost-startStop-1] org.hibernate.Version - [requestID: ] HHH000412: Hibernate Core {5.0.2.Final}
[INFO] 2016-03-17 13:05:57.216 [localhost-startStop-1] org.hibernate.cfg.Environment - [requestID: ] HHH000206: hibernate.properties not found
[INFO] 2016-03-17 13:05:57.219 [localhost-startStop-1] org.hibernate.cfg.Environment - [requestID: ] HHH000021: Bytecode provider name : javassist
[INFO] 2016-03-17 13:05:57.274 [localhost-startStop-1] o.h.annotations.common.Version - [requestID: ] HCANN000001: Hibernate Commons Annotations {5.0.0.Final}
[WARN] 2016-03-17 13:05:57.288 [localhost-startStop-1] org.hibernate.orm.deprecation - [requestID: ] HHH90000006: Attempted to specify unsupported NamingStrategy via setting [hibernate.ejb.naming_strategy]; NamingStrategy has been removed in favor of the split ImplicitNamingStrategy and PhysicalNamingStrategy; use [hibernate.implicit_naming_strategy] or [hibernate.physical_naming_strategy], respectively, instead.
[INFO] 2016-03-17 13:05:57.749 [localhost-startStop-1] org.hibernate.dialect.Dialect - [requestID: ] HHH000400: Using dialect: org.hibernate.dialect.H2Dialect
[INFO] 2016-03-17 13:05:58.355 [localhost-startStop-1] o.h.tool.hbm2ddl.SchemaUpdate - [requestID: ] HHH000228: Running hbm2ddl schema update
[INFO] 2016-03-17 13:05:58.366 [localhost-startStop-1] o.h.t.s.e.i.InformationExtractorJdbcDatabaseMetaDataImpl - [requestID: ] HHH000262: Table not found: Cart
[INFO] 2016-03-17 13:05:58.368 [localhost-startStop-1] o.h.t.s.e.i.InformationExtractorJdbcDatabaseMetaDataImpl - [requestID: ] HHH000262: Table not found: Cart
[INFO] 2016-03-17 13:05:58.378 [localhost-startStop-1] o.h.t.s.e.i.InformationExtractorJdbcDatabaseMetaDataImpl - [requestID: ] HHH000262: Table not found: Item
[INFO] 2016-03-17 13:05:58.380 [localhost-startStop-1] o.h.t.s.e.i.InformationExtractorJdbcDatabaseMetaDataImpl - [requestID: ] HHH000262: Table not found: Item
[INFO] 2016-03-17 13:05:58.384 [localhost-startStop-1] o.h.t.s.e.i.InformationExtractorJdbcDatabaseMetaDataImpl - [requestID: ] HHH000262: Table not found: Person
[INFO] 2016-03-17 13:05:58.386 [localhost-startStop-1] o.h.t.s.e.i.InformationExtractorJdbcDatabaseMetaDataImpl - [requestID: ] HHH000262: Table not found: Person
[INFO] 2016-03-17 13:05:58.390 [localhost-startStop-1] o.h.t.s.e.i.InformationExtractorJdbcDatabaseMetaDataImpl - [requestID: ] HHH000262: Table not found: Product
[INFO] 2016-03-17 13:05:58.393 [localhost-startStop-1] o.h.t.s.e.i.InformationExtractorJdbcDatabaseMetaDataImpl - [requestID: ] HHH000262: Table not found: Product
[INFO] 2016-03-17 13:05:58.749 [localhost-startStop-1] o.h.h.i.QueryTranslatorFactoryInitiator - [requestID: ] HHH000397: Using ASTQueryTranslatorFactory
[INFO] 2016-03-17 13:05:58.958 [localhost-startStop-1] o.s.b.f.config.PropertiesFactoryBean - [requestID: ] Loading properties file from class path resource [rest-default-messages.properties]
[INFO] 2016-03-17 13:05:59.224 [localhost-startStop-1] o.s.b.c.e.ServletRegistrationBean - [requestID: ] Mapping servlet: 'dispatcherServlet' to [/]
[INFO] 2016-03-17 13:05:59.231 [localhost-startStop-1] o.s.b.c.e.FilterRegistrationBean - [requestID: ] Mapping filter: 'characterEncodingFilter' to: [/*]
[INFO] 2016-03-17 13:05:59.232 [localhost-startStop-1] o.s.b.c.e.FilterRegistrationBean - [requestID: ] Mapping filter: 'hiddenHttpMethodFilter' to: [/*]
[INFO] 2016-03-17 13:05:59.232 [localhost-startStop-1] o.s.b.c.e.FilterRegistrationBean - [requestID: ] Mapping filter: 'httpPutFormContentFilter' to: [/*]
[INFO] 2016-03-17 13:05:59.232 [localhost-startStop-1] o.s.b.c.e.FilterRegistrationBean - [requestID: ] Mapping filter: 'requestContextFilter' to: [/*]
[INFO] 2016-03-17 13:05:59.665 [main] o.s.w.s.m.m.a.RequestMappingHandlerAdapter - [requestID: ] Looking for @ControllerAdvice: org.springframework.boot.context.embedded.AnnotationConfigEmbeddedWebApplicationContext@157632c9: startup date [Thu Mar 17 13:05:53 CET 2016]; root of context hierarchy
[INFO] 2016-03-17 13:05:59.758 [main] o.s.w.s.m.m.a.RequestMappingHandlerMapping - [requestID: ] Mapped "{[/error],produces=[text/html]}" onto public org.springframework.web.servlet.ModelAndView org.springframework.boot.autoconfigure.web.BasicErrorController.errorHtml(javax.servlet.http.HttpServletRequest,javax.servlet.http.HttpServletResponse)
[INFO] 2016-03-17 13:05:59.760 [main] o.s.w.s.m.m.a.RequestMappingHandlerMapping - [requestID: ] Mapped "{[/error]}" onto public org.springframework.http.ResponseEntity<java.util.Map<java.lang.String, java.lang.Object>> org.springframework.boot.autoconfigure.web.BasicErrorController.error(javax.servlet.http.HttpServletRequest)
[INFO] 2016-03-17 13:05:59.795 [main] o.s.w.s.h.SimpleUrlHandlerMapping - [requestID: ] Mapped URL path [/webjars/**] onto handler of type [class org.springframework.web.servlet.resource.ResourceHttpRequestHandler]
[INFO] 2016-03-17 13:05:59.796 [main] o.s.w.s.h.SimpleUrlHandlerMapping - [requestID: ] Mapped URL path [/**] onto handler of type [class org.springframework.web.servlet.resource.ResourceHttpRequestHandler]
[INFO] 2016-03-17 13:05:59.818 [main] o.s.w.s.m.m.a.ExceptionHandlerExceptionResolver - [requestID: ] Detected @ExceptionHandler methods in repositoryRestExceptionHandler
[INFO] 2016-03-17 13:05:59.844 [main] o.s.w.s.h.SimpleUrlHandlerMapping - [requestID: ] Mapped URL path [/**/favicon.ico] onto handler of type [class org.springframework.web.servlet.resource.ResourceHttpRequestHandler]
[INFO] 2016-03-17 13:06:00.430 [main] o.s.w.s.m.m.a.ExceptionHandlerExceptionResolver - [requestID: ] Detected @ExceptionHandler methods in repositoryRestExceptionHandler
[INFO] 2016-03-17 13:06:00.564 [main] o.s.j.e.a.AnnotationMBeanExporter - [requestID: ] Registering beans for JMX exposure on startup
[INFO] 2016-03-17 13:06:00.567 [main] o.s.j.e.a.AnnotationMBeanExporter - [requestID: ] Bean with name 'dataSourceMBean' has been autodetected for JMX exposure
[INFO] 2016-03-17 13:06:00.573 [main] o.s.j.e.a.AnnotationMBeanExporter - [requestID: ] Located MBean 'dataSourceMBean': registering with JMX server as MBean [org.apache.tomcat.jdbc.pool.jmx:name=dataSourceMBean,type=ConnectionPool]
[INFO] 2016-03-17 13:06:00.613 [main] o.a.coyote.http11.Http11NioProtocol - [requestID: ] Initializing ProtocolHandler ["http-nio-9444"]
[INFO] 2016-03-17 13:06:00.621 [main] o.a.coyote.http11.Http11NioProtocol - [requestID: ] Starting ProtocolHandler ["http-nio-9444"]
[INFO] 2016-03-17 13:06:00.631 [main] o.a.tomcat.util.net.NioSelectorPool - [requestID: ] Using a shared selector for servlet write/read
[INFO] 2016-03-17 13:06:00.648 [main] o.s.b.c.e.t.TomcatEmbeddedServletContainer - [requestID: ] Tomcat started on port(s): 9444 (http)
[TRACE] 2016-03-17 13:06:00.658 [main] o.s.a.i.CustomizableTraceInterceptor - [requestID: ] Entering save(Person(id=null, firstname=slawek, email=przodownikR1@gmail.com, modify=null, birthDay=2016-03-17T13:06:00.653+01:00[Europe/Warsaw])).
[TRACE] 2016-03-17 13:06:00.741 [main] o.s.a.i.CustomizableTraceInterceptor - [requestID: ] Leaving save(..) with return value Person(id=1, firstname=slawek, email=przodownikR1@gmail.com, modify=null, birthDay=2016-03-17T13:06:00.653+01:00[Europe/Warsaw]), took 82ms.
[TRACE] 2016-03-17 13:06:00.742 [main] o.s.a.i.CustomizableTraceInterceptor - [requestID: ] Entering findAll().
[TRACE] 2016-03-17 13:06:00.770 [main] o.s.a.i.CustomizableTraceInterceptor - [requestID: ] Leaving findAll(..) with return value [Person(id=1, firstname=slawek, email=przodownikR1@gmail.com, modify=null, birthDay=2016-03-17T13:06:00.653+01:00[Europe/Warsaw])], took 29ms.
[INFO] 2016-03-17 13:06:00.771 [main] p.j.s.SpringDataTestApplication - [requestID: ] [Person(id=1, firstname=slawek, email=przodownikR1@gmail.com, modify=null, birthDay=2016-03-17T13:06:00.653+01:00[Europe/Warsaw])] 
[INFO] 2016-03-17 13:06:00.773 [main] p.j.s.SpringDataTestApplication - [requestID: ] Started SpringDataTestApplication in 7.84 seconds (JVM running for 8.35)
[INFO] 2016-03-17 13:06:13.596 [Thread-4] o.s.b.c.e.AnnotationConfigEmbeddedWebApplicationContext - [requestID: ] Closing org.springframework.boot.context.embedded.AnnotationConfigEmbeddedWebApplicationContext@157632c9: startup date [Thu Mar 17 13:05:53 CET 2016]; root of context hierarchy
[INFO] 2016-03-17 13:06:13.608 [Thread-4] o.s.j.e.a.AnnotationMBeanExporter - [requestID: ] Unregistering JMX-exposed beans on shutdown
[INFO] 2016-03-17 13:06:13.609 [Thread-4] o.s.j.e.a.AnnotationMBeanExporter - [requestID: ] Unregistering JMX-exposed beans
[INFO] 2016-03-17 13:06:13.618 [Thread-4] o.s.o.j.LocalContainerEntityManagerFactoryBean - [requestID: ] Closing JPA EntityManagerFactory for persistence unit 'default'
[INFO] 2016-03-17 13:07:20.971 [main] o.s.t.c.s.DefaultTestContextBootstrapper - [requestID: ] Loaded default TestExecutionListener class names from location [META-INF/spring.factories]: [org.springframework.test.context.web.ServletTestExecutionListener, org.springframework.test.context.support.DirtiesContextBeforeModesTestExecutionListener, org.springframework.test.context.support.DependencyInjectionTestExecutionListener, org.springframework.test.context.support.DirtiesContextTestExecutionListener, org.springframework.test.context.transaction.TransactionalTestExecutionListener, org.springframework.test.context.jdbc.SqlScriptsTestExecutionListener]
[INFO] 2016-03-17 13:07:20.992 [main] o.s.t.c.s.DefaultTestContextBootstrapper - [requestID: ] Using TestExecutionListeners: [org.springframework.test.context.web.ServletTestExecutionListener@396e2f39, org.springframework.test.context.support.DirtiesContextBeforeModesTestExecutionListener@a74868d, org.springframework.test.context.support.DependencyInjectionTestExecutionListener@12c8a2c0, org.springframework.test.context.support.DirtiesContextTestExecutionListener@7e0e6aa2, org.springframework.test.context.transaction.TransactionalTestExecutionListener@365185bd, org.springframework.test.context.jdbc.SqlScriptsTestExecutionListener@18bf3d14]
[INFO] 2016-03-17 13:07:21.141 [main] o.s.c.s.GenericApplicationContext - [requestID: ] Refreshing org.springframework.context.support.GenericApplicationContext@69379752: startup date [Thu Mar 17 13:07:21 CET 2016]; root of context hierarchy
[INFO] 2016-03-17 13:07:21.698 [main] o.h.validator.internal.util.Version - [requestID: ] HV000001: Hibernate Validator 5.2.2.Final
[INFO] 2016-03-17 13:07:22.250 [main] o.s.o.j.LocalContainerEntityManagerFactoryBean - [requestID: ] Building JPA container EntityManagerFactory for persistence unit 'default'
[INFO] 2016-03-17 13:07:22.267 [main] o.h.jpa.internal.util.LogHelper - [requestID: ] HHH000204: Processing PersistenceUnitInfo [
	name: default
	...]
[INFO] 2016-03-17 13:07:22.349 [main] org.hibernate.Version - [requestID: ] HHH000412: Hibernate Core {5.0.2.Final}
[INFO] 2016-03-17 13:07:22.351 [main] org.hibernate.cfg.Environment - [requestID: ] HHH000206: hibernate.properties not found
[INFO] 2016-03-17 13:07:22.353 [main] org.hibernate.cfg.Environment - [requestID: ] HHH000021: Bytecode provider name : javassist
[INFO] 2016-03-17 13:07:22.395 [main] o.h.annotations.common.Version - [requestID: ] HCANN000001: Hibernate Commons Annotations {5.0.0.Final}
[WARN] 2016-03-17 13:07:22.404 [main] org.hibernate.orm.deprecation - [requestID: ] HHH90000006: Attempted to specify unsupported NamingStrategy via setting [hibernate.ejb.naming_strategy]; NamingStrategy has been removed in favor of the split ImplicitNamingStrategy and PhysicalNamingStrategy; use [hibernate.implicit_naming_strategy] or [hibernate.physical_naming_strategy], respectively, instead.
[INFO] 2016-03-17 13:07:22.749 [main] org.hibernate.dialect.Dialect - [requestID: ] HHH000400: Using dialect: org.hibernate.dialect.H2Dialect
[INFO] 2016-03-17 13:07:23.582 [main] o.h.tool.hbm2ddl.SchemaExport - [requestID: ] HHH000227: Running hbm2ddl schema export
[INFO] 2016-03-17 13:07:23.613 [main] o.h.tool.hbm2ddl.SchemaExport - [requestID: ] HHH000230: Schema export complete
[INFO] 2016-03-17 13:07:24.093 [main] o.h.h.i.QueryTranslatorFactoryInitiator - [requestID: ] HHH000397: Using ASTQueryTranslatorFactory
[INFO] 2016-03-17 13:07:24.367 [Thread-2] o.s.c.s.GenericApplicationContext - [requestID: ] Closing org.springframework.context.support.GenericApplicationContext@69379752: startup date [Thu Mar 17 13:07:21 CET 2016]; root of context hierarchy
[INFO] 2016-03-17 13:07:24.371 [Thread-2] o.s.o.j.LocalContainerEntityManagerFactoryBean - [requestID: ] Closing JPA EntityManagerFactory for persistence unit 'default'
[INFO] 2016-03-17 13:07:24.372 [Thread-2] o.h.tool.hbm2ddl.SchemaExport - [requestID: ] HHH000227: Running hbm2ddl schema export
[INFO] 2016-03-17 13:07:24.381 [Thread-2] o.h.tool.hbm2ddl.SchemaExport - [requestID: ] HHH000230: Schema export complete
[INFO] 2016-03-17 13:09:10.245 [main] o.s.t.c.s.DefaultTestContextBootstrapper - [requestID: ] Loaded default TestExecutionListener class names from location [META-INF/spring.factories]: [org.springframework.test.context.web.ServletTestExecutionListener, org.springframework.test.context.support.DirtiesContextBeforeModesTestExecutionListener, org.springframework.test.context.support.DependencyInjectionTestExecutionListener, org.springframework.test.context.support.DirtiesContextTestExecutionListener, org.springframework.test.context.transaction.TransactionalTestExecutionListener, org.springframework.test.context.jdbc.SqlScriptsTestExecutionListener]
[INFO] 2016-03-17 13:09:10.273 [main] o.s.t.c.s.DefaultTestContextBootstrapper - [requestID: ] Using TestExecutionListeners: [org.springframework.test.context.web.ServletTestExecutionListener@782663d3, org.springframework.test.context.support.DirtiesContextBeforeModesTestExecutionListener@1990a65e, org.springframework.test.context.support.DependencyInjectionTestExecutionListener@64485a47, org.springframework.test.context.support.DirtiesContextTestExecutionListener@25bbf683, org.springframework.test.context.transaction.TransactionalTestExecutionListener@6ec8211c, org.springframework.test.context.jdbc.SqlScriptsTestExecutionListener@7276c8cd]
[INFO] 2016-03-17 13:09:10.473 [main] o.s.c.s.GenericApplicationContext - [requestID: ] Refreshing org.springframework.context.support.GenericApplicationContext@5e57643e: startup date [Thu Mar 17 13:09:10 CET 2016]; root of context hierarchy
[INFO] 2016-03-17 13:09:10.974 [main] o.h.validator.internal.util.Version - [requestID: ] HV000001: Hibernate Validator 5.2.2.Final
[INFO] 2016-03-17 13:09:11.520 [main] o.s.o.j.LocalContainerEntityManagerFactoryBean - [requestID: ] Building JPA container EntityManagerFactory for persistence unit 'default'
[INFO] 2016-03-17 13:09:11.541 [main] o.h.jpa.internal.util.LogHelper - [requestID: ] HHH000204: Processing PersistenceUnitInfo [
	name: default
	...]
[INFO] 2016-03-17 13:09:11.650 [main] org.hibernate.Version - [requestID: ] HHH000412: Hibernate Core {5.0.2.Final}
[INFO] 2016-03-17 13:09:11.652 [main] org.hibernate.cfg.Environment - [requestID: ] HHH000206: hibernate.properties not found
[INFO] 2016-03-17 13:09:11.655 [main] org.hibernate.cfg.Environment - [requestID: ] HHH000021: Bytecode provider name : javassist
[INFO] 2016-03-17 13:09:11.697 [main] o.h.annotations.common.Version - [requestID: ] HCANN000001: Hibernate Commons Annotations {5.0.0.Final}
[WARN] 2016-03-17 13:09:11.705 [main] org.hibernate.orm.deprecation - [requestID: ] HHH90000006: Attempted to specify unsupported NamingStrategy via setting [hibernate.ejb.naming_strategy]; NamingStrategy has been removed in favor of the split ImplicitNamingStrategy and PhysicalNamingStrategy; use [hibernate.implicit_naming_strategy] or [hibernate.physical_naming_strategy], respectively, instead.
[INFO] 2016-03-17 13:09:12.011 [main] org.hibernate.dialect.Dialect - [requestID: ] HHH000400: Using dialect: org.hibernate.dialect.H2Dialect
[INFO] 2016-03-17 13:09:12.731 [main] o.h.tool.hbm2ddl.SchemaExport - [requestID: ] HHH000227: Running hbm2ddl schema export
[INFO] 2016-03-17 13:09:12.769 [main] o.h.tool.hbm2ddl.SchemaExport - [requestID: ] HHH000230: Schema export complete
[INFO] 2016-03-17 13:09:13.241 [main] o.h.h.i.QueryTranslatorFactoryInitiator - [requestID: ] HHH000397: Using ASTQueryTranslatorFactory
[INFO] 2016-03-17 13:09:13.621 [main] pl.java.scalatech.example.CartTest - [requestID: ] pl.java.scalatech.domain.example.Cart@3c
[INFO] 2016-03-17 13:09:13.624 [Thread-2] o.s.c.s.GenericApplicationContext - [requestID: ] Closing org.springframework.context.support.GenericApplicationContext@5e57643e: startup date [Thu Mar 17 13:09:10 CET 2016]; root of context hierarchy
[INFO] 2016-03-17 13:09:13.632 [Thread-2] o.s.o.j.LocalContainerEntityManagerFactoryBean - [requestID: ] Closing JPA EntityManagerFactory for persistence unit 'default'
[INFO] 2016-03-17 13:09:13.632 [Thread-2] o.h.tool.hbm2ddl.SchemaExport - [requestID: ] HHH000227: Running hbm2ddl schema export
[INFO] 2016-03-17 13:09:13.638 [Thread-2] o.h.tool.hbm2ddl.SchemaExport - [requestID: ] HHH000230: Schema export complete
[INFO] 2016-03-17 13:11:36.356 [main] o.s.t.c.s.DefaultTestContextBootstrapper - [requestID: ] Loaded default TestExecutionListener class names from location [META-INF/spring.factories]: [org.springframework.test.context.web.ServletTestExecutionListener, org.springframework.test.context.support.DirtiesContextBeforeModesTestExecutionListener, org.springframework.test.context.support.DependencyInjectionTestExecutionListener, org.springframework.test.context.support.DirtiesContextTestExecutionListener, org.springframework.test.context.transaction.TransactionalTestExecutionListener, org.springframework.test.context.jdbc.SqlScriptsTestExecutionListener]
[INFO] 2016-03-17 13:11:36.377 [main] o.s.t.c.s.DefaultTestContextBootstrapper - [requestID: ] Using TestExecutionListeners: [org.springframework.test.context.web.ServletTestExecutionListener@782663d3, org.springframework.test.context.support.DirtiesContextBeforeModesTestExecutionListener@1990a65e, org.springframework.test.context.support.DependencyInjectionTestExecutionListener@64485a47, org.springframework.test.context.support.DirtiesContextTestExecutionListener@25bbf683, org.springframework.test.context.transaction.TransactionalTestExecutionListener@6ec8211c, org.springframework.test.context.jdbc.SqlScriptsTestExecutionListener@7276c8cd]
[INFO] 2016-03-17 13:11:36.574 [main] o.s.c.s.GenericApplicationContext - [requestID: ] Refreshing org.springframework.context.support.GenericApplicationContext@5e57643e: startup date [Thu Mar 17 13:11:36 CET 2016]; root of context hierarchy
[INFO] 2016-03-17 13:11:37.138 [main] o.h.validator.internal.util.Version - [requestID: ] HV000001: Hibernate Validator 5.2.2.Final
[INFO] 2016-03-17 13:11:37.738 [main] o.s.o.j.LocalContainerEntityManagerFactoryBean - [requestID: ] Building JPA container EntityManagerFactory for persistence unit 'default'
[INFO] 2016-03-17 13:11:37.758 [main] o.h.jpa.internal.util.LogHelper - [requestID: ] HHH000204: Processing PersistenceUnitInfo [
	name: default
	...]
[INFO] 2016-03-17 13:11:37.859 [main] org.hibernate.Version - [requestID: ] HHH000412: Hibernate Core {5.0.2.Final}
[INFO] 2016-03-17 13:11:37.862 [main] org.hibernate.cfg.Environment - [requestID: ] HHH000206: hibernate.properties not found
[INFO] 2016-03-17 13:11:37.865 [main] org.hibernate.cfg.Environment - [requestID: ] HHH000021: Bytecode provider name : javassist
[INFO] 2016-03-17 13:11:37.908 [main] o.h.annotations.common.Version - [requestID: ] HCANN000001: Hibernate Commons Annotations {5.0.0.Final}
[WARN] 2016-03-17 13:11:37.968 [main] org.hibernate.orm.deprecation - [requestID: ] HHH90000006: Attempted to specify unsupported NamingStrategy via setting [hibernate.ejb.naming_strategy]; NamingStrategy has been removed in favor of the split ImplicitNamingStrategy and PhysicalNamingStrategy; use [hibernate.implicit_naming_strategy] or [hibernate.physical_naming_strategy], respectively, instead.
[INFO] 2016-03-17 13:11:38.224 [main] org.hibernate.dialect.Dialect - [requestID: ] HHH000400: Using dialect: org.hibernate.dialect.H2Dialect
[INFO] 2016-03-17 13:11:38.982 [main] o.h.tool.hbm2ddl.SchemaExport - [requestID: ] HHH000227: Running hbm2ddl schema export
[INFO] 2016-03-17 13:11:39.007 [main] o.h.tool.hbm2ddl.SchemaExport - [requestID: ] HHH000230: Schema export complete
[INFO] 2016-03-17 13:11:39.464 [main] o.h.h.i.QueryTranslatorFactoryInitiator - [requestID: ] HHH000397: Using ASTQueryTranslatorFactory
[INFO] 2016-03-17 13:11:39.799 [main] pl.java.scalatech.example.CartTest - [requestID: ] pl.java.scalatech.domain.example.Cart@3c
[INFO] 2016-03-17 13:11:39.801 [Thread-2] o.s.c.s.GenericApplicationContext - [requestID: ] Closing org.springframework.context.support.GenericApplicationContext@5e57643e: startup date [Thu Mar 17 13:11:36 CET 2016]; root of context hierarchy
[INFO] 2016-03-17 13:11:39.809 [Thread-2] o.s.o.j.LocalContainerEntityManagerFactoryBean - [requestID: ] Closing JPA EntityManagerFactory for persistence unit 'default'
[INFO] 2016-03-17 13:11:39.809 [Thread-2] o.h.tool.hbm2ddl.SchemaExport - [requestID: ] HHH000227: Running hbm2ddl schema export
[INFO] 2016-03-17 13:11:39.815 [Thread-2] o.h.tool.hbm2ddl.SchemaExport - [requestID: ] HHH000230: Schema export complete
[INFO] 2016-03-17 13:12:28.085 [main] o.s.t.c.s.DefaultTestContextBootstrapper - [requestID: ] Loaded default TestExecutionListener class names from location [META-INF/spring.factories]: [org.springframework.test.context.web.ServletTestExecutionListener, org.springframework.test.context.support.DirtiesContextBeforeModesTestExecutionListener, org.springframework.test.context.support.DependencyInjectionTestExecutionListener, org.springframework.test.context.support.DirtiesContextTestExecutionListener, org.springframework.test.context.transaction.TransactionalTestExecutionListener, org.springframework.test.context.jdbc.SqlScriptsTestExecutionListener]
[INFO] 2016-03-17 13:12:28.113 [main] o.s.t.c.s.DefaultTestContextBootstrapper - [requestID: ] Using TestExecutionListeners: [org.springframework.test.context.web.ServletTestExecutionListener@782663d3, org.springframework.test.context.support.DirtiesContextBeforeModesTestExecutionListener@1990a65e, org.springframework.test.context.support.DependencyInjectionTestExecutionListener@64485a47, org.springframework.test.context.support.DirtiesContextTestExecutionListener@25bbf683, org.springframework.test.context.transaction.TransactionalTestExecutionListener@6ec8211c, org.springframework.test.context.jdbc.SqlScriptsTestExecutionListener@7276c8cd]
[INFO] 2016-03-17 13:12:28.333 [main] o.s.c.s.GenericApplicationContext - [requestID: ] Refreshing org.springframework.context.support.GenericApplicationContext@5e57643e: startup date [Thu Mar 17 13:12:28 CET 2016]; root of context hierarchy
[INFO] 2016-03-17 13:12:28.888 [main] o.h.validator.internal.util.Version - [requestID: ] HV000001: Hibernate Validator 5.2.2.Final
[INFO] 2016-03-17 13:12:29.544 [main] o.s.o.j.LocalContainerEntityManagerFactoryBean - [requestID: ] Building JPA container EntityManagerFactory for persistence unit 'default'
[INFO] 2016-03-17 13:12:29.563 [main] o.h.jpa.internal.util.LogHelper - [requestID: ] HHH000204: Processing PersistenceUnitInfo [
	name: default
	...]
[INFO] 2016-03-17 13:12:29.663 [main] org.hibernate.Version - [requestID: ] HHH000412: Hibernate Core {5.0.2.Final}
[INFO] 2016-03-17 13:12:29.665 [main] org.hibernate.cfg.Environment - [requestID: ] HHH000206: hibernate.properties not found
[INFO] 2016-03-17 13:12:29.667 [main] org.hibernate.cfg.Environment - [requestID: ] HHH000021: Bytecode provider name : javassist
[INFO] 2016-03-17 13:12:29.709 [main] o.h.annotations.common.Version - [requestID: ] HCANN000001: Hibernate Commons Annotations {5.0.0.Final}
[WARN] 2016-03-17 13:12:29.718 [main] org.hibernate.orm.deprecation - [requestID: ] HHH90000006: Attempted to specify unsupported NamingStrategy via setting [hibernate.ejb.naming_strategy]; NamingStrategy has been removed in favor of the split ImplicitNamingStrategy and PhysicalNamingStrategy; use [hibernate.implicit_naming_strategy] or [hibernate.physical_naming_strategy], respectively, instead.
[INFO] 2016-03-17 13:12:30.025 [main] org.hibernate.dialect.Dialect - [requestID: ] HHH000400: Using dialect: org.hibernate.dialect.H2Dialect
[INFO] 2016-03-17 13:12:30.793 [main] o.h.tool.hbm2ddl.SchemaExport - [requestID: ] HHH000227: Running hbm2ddl schema export
[INFO] 2016-03-17 13:12:30.830 [main] o.h.tool.hbm2ddl.SchemaExport - [requestID: ] HHH000230: Schema export complete
[INFO] 2016-03-17 13:12:31.349 [main] o.h.h.i.QueryTranslatorFactoryInitiator - [requestID: ] HHH000397: Using ASTQueryTranslatorFactory
[INFO] 2016-03-17 13:12:31.662 [main] pl.java.scalatech.example.CartTest - [requestID: ] pl.java.scalatech.domain.example.Cart@3c
[INFO] 2016-03-17 13:12:31.666 [Thread-2] o.s.c.s.GenericApplicationContext - [requestID: ] Closing org.springframework.context.support.GenericApplicationContext@5e57643e: startup date [Thu Mar 17 13:12:28 CET 2016]; root of context hierarchy
[INFO] 2016-03-17 13:12:31.674 [Thread-2] o.s.o.j.LocalContainerEntityManagerFactoryBean - [requestID: ] Closing JPA EntityManagerFactory for persistence unit 'default'
[INFO] 2016-03-17 13:12:31.675 [Thread-2] o.h.tool.hbm2ddl.SchemaExport - [requestID: ] HHH000227: Running hbm2ddl schema export
[INFO] 2016-03-17 13:12:31.681 [Thread-2] o.h.tool.hbm2ddl.SchemaExport - [requestID: ] HHH000230: Schema export complete
[INFO] 2016-03-17 13:13:02.940 [main] o.s.t.c.s.DefaultTestContextBootstrapper - [requestID: ] Loaded default TestExecutionListener class names from location [META-INF/spring.factories]: [org.springframework.test.context.web.ServletTestExecutionListener, org.springframework.test.context.support.DirtiesContextBeforeModesTestExecutionListener, org.springframework.test.context.support.DependencyInjectionTestExecutionListener, org.springframework.test.context.support.DirtiesContextTestExecutionListener, org.springframework.test.context.transaction.TransactionalTestExecutionListener, org.springframework.test.context.jdbc.SqlScriptsTestExecutionListener]
[INFO] 2016-03-17 13:13:02.965 [main] o.s.t.c.s.DefaultTestContextBootstrapper - [requestID: ] Using TestExecutionListeners: [org.springframework.test.context.web.ServletTestExecutionListener@782663d3, org.springframework.test.context.support.DirtiesContextBeforeModesTestExecutionListener@1990a65e, org.springframework.test.context.support.DependencyInjectionTestExecutionListener@64485a47, org.springframework.test.context.support.DirtiesContextTestExecutionListener@25bbf683, org.springframework.test.context.transaction.TransactionalTestExecutionListener@6ec8211c, org.springframework.test.context.jdbc.SqlScriptsTestExecutionListener@7276c8cd]
[INFO] 2016-03-17 13:13:03.148 [main] o.s.c.s.GenericApplicationContext - [requestID: ] Refreshing org.springframework.context.support.GenericApplicationContext@5e57643e: startup date [Thu Mar 17 13:13:03 CET 2016]; root of context hierarchy
[INFO] 2016-03-17 13:13:03.720 [main] o.h.validator.internal.util.Version - [requestID: ] HV000001: Hibernate Validator 5.2.2.Final
[INFO] 2016-03-17 13:13:04.333 [main] o.s.o.j.LocalContainerEntityManagerFactoryBean - [requestID: ] Building JPA container EntityManagerFactory for persistence unit 'default'
[INFO] 2016-03-17 13:13:04.350 [main] o.h.jpa.internal.util.LogHelper - [requestID: ] HHH000204: Processing PersistenceUnitInfo [
	name: default
	...]
[INFO] 2016-03-17 13:13:04.434 [main] org.hibernate.Version - [requestID: ] HHH000412: Hibernate Core {5.0.2.Final}
[INFO] 2016-03-17 13:13:04.436 [main] org.hibernate.cfg.Environment - [requestID: ] HHH000206: hibernate.properties not found
[INFO] 2016-03-17 13:13:04.438 [main] org.hibernate.cfg.Environment - [requestID: ] HHH000021: Bytecode provider name : javassist
[INFO] 2016-03-17 13:13:04.478 [main] o.h.annotations.common.Version - [requestID: ] HCANN000001: Hibernate Commons Annotations {5.0.0.Final}
[WARN] 2016-03-17 13:13:04.485 [main] org.hibernate.orm.deprecation - [requestID: ] HHH90000006: Attempted to specify unsupported NamingStrategy via setting [hibernate.ejb.naming_strategy]; NamingStrategy has been removed in favor of the split ImplicitNamingStrategy and PhysicalNamingStrategy; use [hibernate.implicit_naming_strategy] or [hibernate.physical_naming_strategy], respectively, instead.
[INFO] 2016-03-17 13:13:04.767 [main] org.hibernate.dialect.Dialect - [requestID: ] HHH000400: Using dialect: org.hibernate.dialect.H2Dialect
[INFO] 2016-03-17 13:13:05.588 [main] o.h.tool.hbm2ddl.SchemaExport - [requestID: ] HHH000227: Running hbm2ddl schema export
[INFO] 2016-03-17 13:13:05.614 [main] o.h.tool.hbm2ddl.SchemaExport - [requestID: ] HHH000230: Schema export complete
[INFO] 2016-03-17 13:13:06.023 [main] o.h.h.i.QueryTranslatorFactoryInitiator - [requestID: ] HHH000397: Using ASTQueryTranslatorFactory
[INFO] 2016-03-17 13:13:06.316 [main] pl.java.scalatech.example.CartTest - [requestID: ] pl.java.scalatech.domain.example.Cart@3c
[INFO] 2016-03-17 13:13:06.319 [Thread-2] o.s.c.s.GenericApplicationContext - [requestID: ] Closing org.springframework.context.support.GenericApplicationContext@5e57643e: startup date [Thu Mar 17 13:13:03 CET 2016]; root of context hierarchy
[INFO] 2016-03-17 13:13:06.328 [Thread-2] o.s.o.j.LocalContainerEntityManagerFactoryBean - [requestID: ] Closing JPA EntityManagerFactory for persistence unit 'default'
[INFO] 2016-03-17 13:13:06.329 [Thread-2] o.h.tool.hbm2ddl.SchemaExport - [requestID: ] HHH000227: Running hbm2ddl schema export
[INFO] 2016-03-17 13:13:06.337 [Thread-2] o.h.tool.hbm2ddl.SchemaExport - [requestID: ] HHH000230: Schema export complete
[INFO] 2016-03-17 13:15:52.311 [main] o.s.t.c.s.DefaultTestContextBootstrapper - [requestID: ] Loaded default TestExecutionListener class names from location [META-INF/spring.factories]: [org.springframework.test.context.web.ServletTestExecutionListener, org.springframework.test.context.support.DirtiesContextBeforeModesTestExecutionListener, org.springframework.test.context.support.DependencyInjectionTestExecutionListener, org.springframework.test.context.support.DirtiesContextTestExecutionListener, org.springframework.test.context.transaction.TransactionalTestExecutionListener, org.springframework.test.context.jdbc.SqlScriptsTestExecutionListener]
[INFO] 2016-03-17 13:15:52.337 [main] o.s.t.c.s.DefaultTestContextBootstrapper - [requestID: ] Using TestExecutionListeners: [org.springframework.test.context.web.ServletTestExecutionListener@782663d3, org.springframework.test.context.support.DirtiesContextBeforeModesTestExecutionListener@1990a65e, org.springframework.test.context.support.DependencyInjectionTestExecutionListener@64485a47, org.springframework.test.context.support.DirtiesContextTestExecutionListener@25bbf683, org.springframework.test.context.transaction.TransactionalTestExecutionListener@6ec8211c, org.springframework.test.context.jdbc.SqlScriptsTestExecutionListener@7276c8cd]
[INFO] 2016-03-17 13:15:52.546 [main] o.s.c.s.GenericApplicationContext - [requestID: ] Refreshing org.springframework.context.support.GenericApplicationContext@5e57643e: startup date [Thu Mar 17 13:15:52 CET 2016]; root of context hierarchy
[INFO] 2016-03-17 13:15:52.770 [main] o.s.b.f.s.DefaultListableBeanFactory - [requestID: ] Overriding bean definition for bean 'jpaVendorAdapter' with a different definition: replacing [Root bean: class [null]; scope=; abstract=false; lazyInit=false; autowireMode=3; dependencyCheck=0; autowireCandidate=true; primary=false; factoryBeanName=org.springframework.boot.autoconfigure.orm.jpa.HibernateJpaAutoConfiguration; factoryMethodName=jpaVendorAdapter; initMethodName=null; destroyMethodName=(inferred); defined in class org.springframework.boot.autoconfigure.orm.jpa.HibernateJpaAutoConfiguration] with [Root bean: class [null]; scope=; abstract=false; lazyInit=false; autowireMode=3; dependencyCheck=0; autowireCandidate=true; primary=true; factoryBeanName=testJpaConfig; factoryMethodName=jpaVendorAdapter; initMethodName=null; destroyMethodName=(inferred); defined in pl.java.scalatech.config.TestJpaConfig]
[INFO] 2016-03-17 13:15:53.075 [main] o.h.validator.internal.util.Version - [requestID: ] HV000001: Hibernate Validator 5.2.2.Final
[INFO] 2016-03-17 13:15:53.616 [main] o.s.o.j.LocalContainerEntityManagerFactoryBean - [requestID: ] Building JPA container EntityManagerFactory for persistence unit 'default'
[INFO] 2016-03-17 13:15:53.634 [main] o.h.jpa.internal.util.LogHelper - [requestID: ] HHH000204: Processing PersistenceUnitInfo [
	name: default
	...]
[INFO] 2016-03-17 13:15:53.715 [main] org.hibernate.Version - [requestID: ] HHH000412: Hibernate Core {5.0.2.Final}
[INFO] 2016-03-17 13:15:53.717 [main] org.hibernate.cfg.Environment - [requestID: ] HHH000206: hibernate.properties not found
[INFO] 2016-03-17 13:15:53.719 [main] org.hibernate.cfg.Environment - [requestID: ] HHH000021: Bytecode provider name : javassist
[INFO] 2016-03-17 13:15:53.759 [main] o.h.annotations.common.Version - [requestID: ] HCANN000001: Hibernate Commons Annotations {5.0.0.Final}
[WARN] 2016-03-17 13:15:53.817 [main] org.hibernate.orm.deprecation - [requestID: ] HHH90000006: Attempted to specify unsupported NamingStrategy via setting [hibernate.ejb.naming_strategy]; NamingStrategy has been removed in favor of the split ImplicitNamingStrategy and PhysicalNamingStrategy; use [hibernate.implicit_naming_strategy] or [hibernate.physical_naming_strategy], respectively, instead.
[INFO] 2016-03-17 13:15:54.036 [main] org.hibernate.dialect.Dialect - [requestID: ] HHH000400: Using dialect: org.hibernate.dialect.HSQLDialect
[INFO] 2016-03-17 13:15:54.812 [main] o.h.tool.hbm2ddl.SchemaExport - [requestID: ] HHH000227: Running hbm2ddl schema export
[ERROR] 2016-03-17 13:15:54.817 [main] o.h.tool.hbm2ddl.SchemaExport - [requestID: ] HHH000389: Unsuccessful: alter table Item drop constraint FKlpe34aplwt1jqb1kr3pn4in3y
[ERROR] 2016-03-17 13:15:54.818 [main] o.h.tool.hbm2ddl.SchemaExport - [requestID: ] Tabela "ITEM" nie istnieje
Table "ITEM" not found; SQL statement:
alter table Item drop constraint FKlpe34aplwt1jqb1kr3pn4in3y [42102-191]
[ERROR] 2016-03-17 13:15:54.819 [main] o.h.tool.hbm2ddl.SchemaExport - [requestID: ] HHH000389: Unsuccessful: alter table Item drop constraint FKcfcn7uor93fo3kpatds5bc4qq
[ERROR] 2016-03-17 13:15:54.819 [main] o.h.tool.hbm2ddl.SchemaExport - [requestID: ] Tabela "ITEM" nie istnieje
Table "ITEM" not found; SQL statement:
alter table Item drop constraint FKcfcn7uor93fo3kpatds5bc4qq [42102-191]
[ERROR] 2016-03-17 13:15:54.820 [main] o.h.tool.hbm2ddl.SchemaExport - [requestID: ] HHH000389: Unsuccessful: alter table Product drop constraint FKheyeqbic8bo2xk8sw4hdou41c
[ERROR] 2016-03-17 13:15:54.821 [main] o.h.tool.hbm2ddl.SchemaExport - [requestID: ] Tabela "PRODUCT" nie istnieje
Table "PRODUCT" not found; SQL statement:
alter table Product drop constraint FKheyeqbic8bo2xk8sw4hdou41c [42102-191]
[ERROR] 2016-03-17 13:15:54.824 [main] o.h.tool.hbm2ddl.SchemaExport - [requestID: ] HHH000389: Unsuccessful: drop sequence hibernate_sequence
[ERROR] 2016-03-17 13:15:54.825 [main] o.h.tool.hbm2ddl.SchemaExport - [requestID: ] Sekwencja "HIBERNATE_SEQUENCE" nie istnieje
Sequence "HIBERNATE_SEQUENCE" not found; SQL statement:
drop sequence hibernate_sequence [90036-191]
[INFO] 2016-03-17 13:15:54.862 [main] o.h.tool.hbm2ddl.SchemaExport - [requestID: ] HHH000230: Schema export complete
[INFO] 2016-03-17 13:15:55.362 [main] o.h.h.i.QueryTranslatorFactoryInitiator - [requestID: ] HHH000397: Using ASTQueryTranslatorFactory
[INFO] 2016-03-17 13:15:55.647 [main] pl.java.scalatech.example.CartTest - [requestID: ] pl.java.scalatech.domain.example.Cart@3c
[INFO] 2016-03-17 13:15:55.650 [Thread-2] o.s.c.s.GenericApplicationContext - [requestID: ] Closing org.springframework.context.support.GenericApplicationContext@5e57643e: startup date [Thu Mar 17 13:15:52 CET 2016]; root of context hierarchy
[INFO] 2016-03-17 13:15:55.653 [Thread-2] o.s.o.j.LocalContainerEntityManagerFactoryBean - [requestID: ] Closing JPA EntityManagerFactory for persistence unit 'default'
[INFO] 2016-03-17 13:15:55.654 [Thread-2] o.h.tool.hbm2ddl.SchemaExport - [requestID: ] HHH000227: Running hbm2ddl schema export
[INFO] 2016-03-17 13:15:55.664 [Thread-2] o.h.tool.hbm2ddl.SchemaExport - [requestID: ] HHH000230: Schema export complete
